<?xml version="1.0" encoding="UTF-8"?>
<testsuite name="com.example.gradleAndBoot.endpoint.TestingControllerUnitTest" tests="2" skipped="0" failures="0" errors="0" timestamp="2017-12-29T19:53:04" hostname="Philippes-MBP.home" time="1.389">
  <properties/>
  <testcase name="testingPostBadJson" classname="com.example.gradleAndBoot.endpoint.TestingControllerUnitTest" time="1.045"/>
  <testcase name="testingPostGoodJson" classname="com.example.gradleAndBoot.endpoint.TestingControllerUnitTest" time="0.306"/>
  <system-out><![CDATA[19:53:03.869 [Test worker] DEBUG ma.glasnost.orika.metadata.ClassMapBuilder - ClassMap created:
	ClassMapBuilder.map(Request, RequestDTO)
	 .field( forename(String), forename(String) )
	 .field( title(String), title(String) )
19:53:03.882 [Test worker] DEBUG ma.glasnost.orika.metadata.ClassMapBuilder - ClassMap created:
	ClassMapBuilder.map(CreatedObject, CreatedObjectDTO)
	 .field( internalDescription(String), description(String) )
	 .field( createdBy(String), createdBy(String) )
19:53:03.992 [Test worker] DEBUG ma.glasnost.orika.impl.generator.MapperGenerator - Generating new mapper for (Request, RequestDTO)
	Orika_RequestDTO_Request_Mapper41890013860804$0.mapAToB(Request, RequestDTO) {
	 Field(forename(String), forename(String)) : copying String by reference
	 Field(title(String), title(String)) : copying String by reference
	}
	Orika_RequestDTO_Request_Mapper41890013860804$0.mapBToA(RequestDTO, Request) {
	 Field(forename(String), forename(String)) : copying String by reference
	 Field(title(String), title(String)) : copying String by reference
	}
19:53:04.002 [Test worker] DEBUG ma.glasnost.orika.impl.generator.MapperGenerator - Generating new mapper for (CreatedObject, CreatedObjectDTO)
	Orika_CreatedObjectDTO_CreatedObject_Mapper41890086502564$1.mapAToB(CreatedObject, CreatedObjectDTO) {
	 Field(internalDescription(String), description(String)) : copying String by reference
	 Field(createdBy(String), createdBy(String)) : copying String by reference
	}
	Orika_CreatedObjectDTO_CreatedObject_Mapper41890086502564$1.mapBToA(CreatedObjectDTO, CreatedObject) {
	 Field(description(String), internalDescription(String)) : copying String by reference
	 Field(createdBy(String), createdBy(String)) : copying String by reference
	}
19:53:04.417 [Test worker] DEBUG org.springframework.core.env.StandardEnvironment - Adding PropertySource 'systemProperties' with lowest search precedence
19:53:04.419 [Test worker] DEBUG org.springframework.core.env.StandardEnvironment - Adding PropertySource 'systemEnvironment' with lowest search precedence
19:53:04.420 [Test worker] DEBUG org.springframework.core.env.StandardEnvironment - Initialized StandardEnvironment with PropertySources [MapPropertySource@1770609423 {name='systemProperties', properties={java.runtime.name=Java(TM) SE Runtime Environment, sun.boot.library.path=/Library/Java/JavaVirtualMachines/jdk1.8.0_121.jdk/Contents/Home/jre/lib, java.vm.version=25.121-b13, gopherProxySet=false, java.vm.vendor=Oracle Corporation, java.vendor.url=http://java.oracle.com/, path.separator=:, java.vm.name=Java HotSpot(TM) 64-Bit Server VM, file.encoding.pkg=sun.io, sun.java.launcher=SUN_STANDARD, user.country=US, sun.os.patch.level=unknown, java.vm.specification.name=Java Virtual Machine Specification, user.dir=/Users/philippebrossier/code_perso/gradleAndBoot, java.runtime.version=1.8.0_121-b13, java.awt.graphicsenv=sun.awt.CGraphicsEnvironment, java.endorsed.dirs=/Library/Java/JavaVirtualMachines/jdk1.8.0_121.jdk/Contents/Home/jre/lib/endorsed, os.arch=x86_64, java.io.tmpdir=/var/folders/8z/889fb7_14_7358sg1g51dp2m0000gp/T/, line.separator=
, java.vm.specification.vendor=Oracle Corporation, user.variant=, os.name=Mac OS X, sun.jnu.encoding=UTF-8, java.library.path=/Users/philippebrossier/Library/Java/Extensions:/Library/Java/Extensions:/Network/Library/Java/Extensions:/System/Library/Java/Extensions:/usr/lib/java:., java.specification.name=Java Platform API Specification, java.class.version=52.0, org.gradle.native=false, sun.management.compiler=HotSpot 64-Bit Tiered Compilers, os.version=10.11.6, http.nonProxyHosts=local|*.local|169.254/16|*.169.254/16, user.home=/Users/philippebrossier, user.timezone=Europe/London, java.awt.printerjob=sun.lwawt.macosx.CPrinterJob, file.encoding=UTF-8, java.specification.version=1.8, java.class.path=/Users/philippebrossier/code_perso/gradleAndBoot/build/classes/java/test:/Users/philippebrossier/code_perso/gradleAndBoot/build/resources/test:/Users/philippebrossier/code_perso/gradleAndBoot/build/classes/java/main:/Users/philippebrossier/code_perso/gradleAndBoot/build/resources/main:/Users/philippebrossier/.gradle/caches/modules-2/files-2.1/org.springframework.boot/spring-boot-starter-web/1.5.9.RELEASE/bda9733d5e6ba6d1a97deead1738713dc0631b3e/spring-boot-starter-web-1.5.9.RELEASE.jar:/Users/philippebrossier/.gradle/caches/modules-2/files-2.1/org.springframework.boot/spring-boot-starter-jetty/1.5.9.RELEASE/4e4b62d65f1007235b3a9c32403dd610dfe5592/spring-boot-starter-jetty-1.5.9.RELEASE.jar:/Users/philippebrossier/.gradle/caches/modules-2/files-2.1/org.springframework.boot/spring-boot-starter-actuator/1.5.9.RELEASE/5fcdcdef573e55e5dba9b499e3f5582f6b3c3fbe/spring-boot-starter-actuator-1.5.9.RELEASE.jar:/Users/philippebrossier/.gradle/caches/modules-2/files-2.1/org.projectlombok/lombok/1.16.18/557d13dcb647038dc687390711ccb5c9b3ffbd60/lombok-1.16.18.jar:/Users/philippebrossier/.gradle/caches/modules-2/files-2.1/ma.glasnost.orika/orika-core/1.5.2/ec930d88c9bdbddcba9ea91c5eb6ba9ec2863af7/orika-core-1.5.2.jar:/Users/philippebrossier/.gradle/caches/modules-2/files-2.1/org.springframework.boot/spring-boot-starter-test/1.5.9.RELEASE/b5adf6fbf53be00b7ae52f657d564122edbe5156/spring-boot-starter-test-1.5.9.RELEASE.jar:/Users/philippebrossier/.gradle/caches/modules-2/files-2.1/org.springframework.boot/spring-boot-starter/1.5.9.RELEASE/6bfb34db2715ee86c6e2337fa145650588b4b1b3/spring-boot-starter-1.5.9.RELEASE.jar:/Users/philippebrossier/.gradle/caches/modules-2/files-2.1/org.hibernate/hibernate-validator/5.3.6.Final/4c730be8bf55a8e9a61e79a2f2c079abf48b718/hibernate-validator-5.3.6.Final.jar:/Users/philippebrossier/.gradle/caches/modules-2/files-2.1/org.springframework.boot/spring-boot-actuator/1.5.9.RELEASE/c4aaf71a1298c1bde690fcf75df39036745396c6/spring-boot-actuator-1.5.9.RELEASE.jar:/Users/philippebrossier/.gradle/caches/modules-2/files-2.1/com.fasterxml.jackson.core/jackson-databind/2.8.10/f7b83cb2bc4b88d53961e749e1ad32f49ef017b7/jackson-databind-2.8.10.jar:/Users/philippebrossier/.gradle/caches/modules-2/files-2.1/org.springframework/spring-webmvc/4.3.13.RELEASE/87a095c7a1d13fe433ae6712787238c1dbaa6919/spring-webmvc-4.3.13.RELEASE.jar:/Users/philippebrossier/.gradle/caches/modules-2/files-2.1/org.springframework/spring-web/4.3.13.RELEASE/7cd084992d546165ede3e99bc31ee49c937f0ce7/spring-web-4.3.13.RELEASE.jar:/Users/philippebrossier/.gradle/caches/modules-2/files-2.1/org.eclipse.jetty/jetty-servlets/9.4.7.v20170914/a0b1f50faf6ea178e4e1b46072794ebbb4c682e9/jetty-servlets-9.4.7.v20170914.jar:/Users/philippebrossier/.gradle/caches/modules-2/files-2.1/org.eclipse.jetty.websocket/javax-websocket-server-impl/9.4.7.v20170914/45e2d7106f87f7950928447b7124e07e68b3f9a3/javax-websocket-server-impl-9.4.7.v20170914.jar:/Users/philippebrossier/.gradle/caches/modules-2/files-2.1/org.eclipse.jetty/jetty-annotations/9.4.7.v20170914/fb2649517a94753465c9dfa05965a5caf471ffcf/jetty-annotations-9.4.7.v20170914.jar:/Users/philippebrossier/.gradle/caches/modules-2/files-2.1/org.eclipse.jetty/jetty-plus/9.4.7.v20170914/862942bedb3d071e475770494b017efc6efa5a4f/jetty-plus-9.4.7.v20170914.jar:/Users/philippebrossier/.gradle/caches/modules-2/files-2.1/org.eclipse.jetty/jetty-webapp/9.4.7.v20170914/cb3f5561ad15a750dcb0cfdcc2db6df141df74b2/jetty-webapp-9.4.7.v20170914.jar:/Users/philippebrossier/.gradle/caches/modules-2/files-2.1/org.eclipse.jetty.websocket/websocket-server/9.4.7.v20170914/560ebb2f187c0f61b07b24eb667f669941beff89/websocket-server-9.4.7.v20170914.jar:/Users/philippebrossier/.gradle/caches/modules-2/files-2.1/org.mortbay.jasper/apache-el/8.0.33/1b8fa2179b3937cada939317bb135815e79c0ac2/apache-el-8.0.33.jar:/Users/philippebrossier/.gradle/caches/modules-2/files-2.1/org.javassist/javassist/3.21.0-GA/598244f595db5c5fb713731eddbb1c91a58d959b/javassist-3.21.0-GA.jar:/Users/philippebrossier/.gradle/caches/modules-2/files-2.1/com.thoughtworks.paranamer/paranamer/2.8/619eba74c19ccf1da8ebec97a2d7f8ba05773dd6/paranamer-2.8.jar:/Users/philippebrossier/.gradle/caches/modules-2/files-2.1/com.jayway.jsonpath/json-path/2.2.0/22290d17944bd239fabf5ac69005a60a7ecbbbcb/json-path-2.2.0.jar:/Users/philippebrossier/.gradle/caches/modules-2/files-2.1/org.springframework.boot/spring-boot-starter-logging/1.5.9.RELEASE/30fd62a1ce9639759d90d49608501082314c1628/spring-boot-starter-logging-1.5.9.RELEASE.jar:/Users/philippebrossier/.gradle/caches/modules-2/files-2.1/ch.qos.logback/logback-classic/1.1.11/ccedfbacef4a6515d2983e3f89ed753d5d4fb665/logback-classic-1.1.11.jar:/Users/philippebrossier/.gradle/caches/modules-2/files-2.1/org.slf4j/jcl-over-slf4j/1.7.25/f8c32b13ff142a513eeb5b6330b1588dcb2c0461/jcl-over-slf4j-1.7.25.jar:/Users/philippebrossier/.gradle/caches/modules-2/files-2.1/org.slf4j/jul-to-slf4j/1.7.25/af5364cd6679bfffb114f0dec8a157aaa283b76/jul-to-slf4j-1.7.25.jar:/Users/philippebrossier/.gradle/caches/modules-2/files-2.1/org.slf4j/log4j-over-slf4j/1.7.25/a87bb47468f47ee7aabbd54f93e133d4215769c3/log4j-over-slf4j-1.7.25.jar:/Users/philippebrossier/.gradle/caches/modules-2/files-2.1/org.slf4j/slf4j-api/1.7.25/da76ca59f6a57ee3102f8f9bd9cee742973efa8a/slf4j-api-1.7.25.jar:/Users/philippebrossier/.gradle/caches/modules-2/files-2.1/com.googlecode.concurrentlinkedhashmap/concurrentlinkedhashmap-lru/1.4.2/2eaf3d3c9746d526ff7e5b93931d482c3887e6ac/concurrentlinkedhashmap-lru-1.4.2.jar:/Users/philippebrossier/.gradle/caches/modules-2/files-2.1/com.carrotsearch/java-sizeof/0.0.4/7a347178c4f234692088a1dff85d551ae28f5af9/java-sizeof-0.0.4.jar:/Users/philippebrossier/.gradle/caches/modules-2/files-2.1/org.codehaus.janino/janino/2.7.8/109852ba81725a1ca29cc9aa0688455bd7be4b0f/janino-2.7.8.jar:/Users/philippebrossier/.gradle/caches/modules-2/files-2.1/org.springframework.boot/spring-boot-test-autoconfigure/1.5.9.RELEASE/b428495e25b0531b2a977f51c5d29011c817b8ee/spring-boot-test-autoconfigure-1.5.9.RELEASE.jar:/Users/philippebrossier/.gradle/caches/modules-2/files-2.1/org.springframework.boot/spring-boot-test/1.5.9.RELEASE/7e604d56325f04a8b89a280e647746fc69e5a21f/spring-boot-test-1.5.9.RELEASE.jar:/Users/philippebrossier/.gradle/caches/modules-2/files-2.1/junit/junit/4.12/2973d150c0dc1fefe998f834810d68f278ea58ec/junit-4.12.jar:/Users/philippebrossier/.gradle/caches/modules-2/files-2.1/org.assertj/assertj-core/2.6.0/b532c3fc4f66bcfee4989a3514f1cd56203a33ad/assertj-core-2.6.0.jar:/Users/philippebrossier/.gradle/caches/modules-2/files-2.1/org.mockito/mockito-core/1.10.19/e8546f5bef4e061d8dd73895b4e8f40e3fe6effe/mockito-core-1.10.19.jar:/Users/philippebrossier/.gradle/caches/modules-2/files-2.1/org.hamcrest/hamcrest-library/1.3/4785a3c21320980282f9f33d0d1264a69040538f/hamcrest-library-1.3.jar:/Users/philippebrossier/.gradle/caches/modules-2/files-2.1/org.hamcrest/hamcrest-core/1.3/42a25dc3219429f0e5d060061f71acb49bf010a0/hamcrest-core-1.3.jar:/Users/philippebrossier/.gradle/caches/modules-2/files-2.1/org.skyscreamer/jsonassert/1.4.0/9cdbb373a06f6513e51e8c545ee6a5e981463edb/jsonassert-1.4.0.jar:/Users/philippebrossier/.gradle/caches/modules-2/files-2.1/org.springframework/spring-test/4.3.13.RELEASE/f4ff71b0d628d37f334d4f1f197c1b8cea364d01/spring-test-4.3.13.RELEASE.jar:/Users/philippebrossier/.gradle/caches/modules-2/files-2.1/org.springframework.boot/spring-boot-autoconfigure/1.5.9.RELEASE/88dd18bdaf317ae40971573a051fd47265f2ed39/spring-boot-autoconfigure-1.5.9.RELEASE.jar:/Users/philippebrossier/.gradle/caches/modules-2/files-2.1/org.springframework.boot/spring-boot/1.5.9.RELEASE/f472cdf948288796fb31e0bb03f6e7b022b763a0/spring-boot-1.5.9.RELEASE.jar:/Users/philippebrossier/.gradle/caches/modules-2/files-2.1/org.springframework/spring-context/4.3.13.RELEASE/6ab1c189a13182fa3256f6bbc68fafdaf8f5a19e/spring-context-4.3.13.RELEASE.jar:/Users/philippebrossier/.gradle/caches/modules-2/files-2.1/org.springframework/spring-expression/4.3.13.RELEASE/da22bf7df1262e429b49653be6cd5b89b6affe5e/spring-expression-4.3.13.RELEASE.jar:/Users/philippebrossier/.gradle/caches/modules-2/files-2.1/org.springframework/spring-aop/4.3.13.RELEASE/61f427b55951f59b50f3c2bd0de3c48960e2a342/spring-aop-4.3.13.RELEASE.jar:/Users/philippebrossier/.gradle/caches/modules-2/files-2.1/org.springframework/spring-beans/4.3.13.RELEASE/8613a7077722f1d97f8cb3fea4b0b40bfadf4496/spring-beans-4.3.13.RELEASE.jar:/Users/philippebrossier/.gradle/caches/modules-2/files-2.1/org.springframework/spring-core/4.3.13.RELEASE/eea18d7f4d01f1baa1b6728b678b5a6fe23c61f6/spring-core-4.3.13.RELEASE.jar:/Users/philippebrossier/.gradle/caches/modules-2/files-2.1/org.yaml/snakeyaml/1.17/7a27ea250c5130b2922b86dea63cbb1cc10a660c/snakeyaml-1.17.jar:/Users/philippebrossier/.gradle/caches/modules-2/files-2.1/javax.validation/validation-api/1.1.0.Final/8613ae82954779d518631e05daa73a6a954817d5/validation-api-1.1.0.Final.jar:/Users/philippebrossier/.gradle/caches/modules-2/files-2.1/org.jboss.logging/jboss-logging/3.3.1.Final/c46217ab74b532568c0ed31dc599db3048bd1b67/jboss-logging-3.3.1.Final.jar:/Users/philippebrossier/.gradle/caches/modules-2/files-2.1/com.fasterxml/classmate/1.3.4/3d5f48f10bbe4eb7bd862f10c0583be2e0053c6/classmate-1.3.4.jar:/Users/philippebrossier/.gradle/caches/modules-2/files-2.1/com.fasterxml.jackson.core/jackson-annotations/2.8.0/45b426f7796b741035581a176744d91090e2e6fb/jackson-annotations-2.8.0.jar:/Users/philippebrossier/.gradle/caches/modules-2/files-2.1/com.fasterxml.jackson.core/jackson-core/2.8.10/eb21a035c66ad307e66ec8fce37f5d50fd62d039/jackson-core-2.8.10.jar:/Users/philippebrossier/.gradle/caches/modules-2/files-2.1/org.eclipse.jetty/jetty-continuation/9.4.7.v20170914/6b2aaa9da3e11e0f12bba9a80e74a389ab0d045e/jetty-continuation-9.4.7.v20170914.jar:/Users/philippebrossier/.gradle/caches/modules-2/files-2.1/org.eclipse.jetty.websocket/javax-websocket-client-impl/9.4.7.v20170914/94e54b803406f711e2f9636dd658e497e2ca9e67/javax-websocket-client-impl-9.4.7.v20170914.jar:/Users/philippebrossier/.gradle/caches/modules-2/files-2.1/org.eclipse.jetty.websocket/websocket-client/9.4.7.v20170914/693b3492e04b78757d88544f321076265909a503/websocket-client-9.4.7.v20170914.jar:/Users/philippebrossier/.gradle/caches/modules-2/files-2.1/org.eclipse.jetty/jetty-client/9.4.7.v20170914/b1026e2f37cfaf626b7c42c05ce1ec83cd6609ec/jetty-client-9.4.7.v20170914.jar:/Users/philippebrossier/.gradle/caches/modules-2/files-2.1/org.eclipse.jetty/jetty-servlet/9.4.7.v20170914/980023d7ac2504839f89f337de76c345b21808a1/jetty-servlet-9.4.7.v20170914.jar:/Users/philippebrossier/.gradle/caches/modules-2/files-2.1/org.eclipse.jetty/jetty-security/9.4.7.v20170914/5119551fb6f19c556ea40588ab4c8f11967796ad/jetty-security-9.4.7.v20170914.jar:/Users/philippebrossier/.gradle/caches/modules-2/files-2.1/org.eclipse.jetty/jetty-server/9.4.7.v20170914/886adb1b347f42698ea5482e600033428ad32afb/jetty-server-9.4.7.v20170914.jar:/Users/philippebrossier/.gradle/caches/modules-2/files-2.1/org.eclipse.jetty/jetty-http/9.4.7.v20170914/44a0adb69ff6131129df34d43b28e196c8ce0a90/jetty-http-9.4.7.v20170914.jar:/Users/philippebrossier/.gradle/caches/modules-2/files-2.1/org.eclipse.jetty.websocket/websocket-common/9.4.7.v20170914/47d18802581af0a1c458f7074a47e6e07ee864a0/websocket-common-9.4.7.v20170914.jar:/Users/philippebrossier/.gradle/caches/modules-2/files-2.1/org.eclipse.jetty/jetty-io/9.4.7.v20170914/a51742105ec2665f5ad80c17c784b388cb855329/jetty-io-9.4.7.v20170914.jar:/Users/philippebrossier/.gradle/caches/modules-2/files-2.1/org.eclipse.jetty/jetty-xml/9.4.7.v20170914/203e38c00bba11bcb72b41c8d7a1714df61f31e5/jetty-xml-9.4.7.v20170914.jar:/Users/philippebrossier/.gradle/caches/modules-2/files-2.1/org.eclipse.jetty/jetty-util/9.4.7.v20170914/771efdf5983c174d6d9c58892108c1c2d018404a/jetty-util-9.4.7.v20170914.jar:/Users/philippebrossier/.gradle/caches/modules-2/files-2.1/org.eclipse.jetty.websocket/websocket-servlet/9.4.7.v20170914/a75e6706b6af7a87bd3edebbddc45e6cb525f321/websocket-servlet-9.4.7.v20170914.jar:/Users/philippebrossier/.gradle/caches/modules-2/files-2.1/javax.websocket/javax.websocket-api/1.0/fc843b649d4a1dcb0497669d262befa3918c7ba8/javax.websocket-api-1.0.jar:/Users/philippebrossier/.gradle/caches/modules-2/files-2.1/org.codehaus.janino/commons-compiler/2.7.8/fe224c801f296af125316178300dfc633675a8ff/commons-compiler-2.7.8.jar:/Users/philippebrossier/.gradle/caches/modules-2/files-2.1/net.minidev/json-smart/2.2.1/5b9e5df7a62d1279b70dc882b041d249c4f0b002/json-smart-2.2.1.jar:/Users/philippebrossier/.gradle/caches/modules-2/files-2.1/org.objenesis/objenesis/2.1/87c0ea803b69252868d09308b4618f766f135a96/objenesis-2.1.jar:/Users/philippebrossier/.gradle/caches/modules-2/files-2.1/com.vaadin.external.google/android-json/0.0.20131108.vaadin1/fa26d351fe62a6a17f5cda1287c1c6110dec413f/android-json-0.0.20131108.vaadin1.jar:/Users/philippebrossier/.gradle/caches/modules-2/files-2.1/org.eclipse.jetty.websocket/websocket-api/9.4.7.v20170914/aa7717f73a613c338bda18bfa5b7bd8b6917330/websocket-api-9.4.7.v20170914.jar:/Users/philippebrossier/.gradle/caches/modules-2/files-2.1/javax.servlet/javax.servlet-api/3.1.0/3cd63d075497751784b2fa84be59432f4905bf7c/javax.servlet-api-3.1.0.jar:/Users/philippebrossier/.gradle/caches/modules-2/files-2.1/javax.annotation/javax.annotation-api/1.2/479c1e06db31c432330183f5cae684163f186146/javax.annotation-api-1.2.jar:/Users/philippebrossier/.gradle/caches/modules-2/files-2.1/net.minidev/accessors-smart/1.1/a527213f2fea112a04c9bdf0ec0264e34104cd08/accessors-smart-1.1.jar:/Users/philippebrossier/.gradle/caches/modules-2/files-2.1/org.ow2.asm/asm-commons/5.1/25d8a575034dd9cfcb375a39b5334f0ba9c8474e/asm-commons-5.1.jar:/Users/philippebrossier/.gradle/caches/modules-2/files-2.1/org.ow2.asm/asm-tree/5.1/87b38c12a0ea645791ead9d3e74ae5268d1d6c34/asm-tree-5.1.jar:/Users/philippebrossier/.gradle/caches/modules-2/files-2.1/org.ow2.asm/asm/5.1/5ef31c4fe953b1fd00b8a88fa1d6820e8785bb45/asm-5.1.jar:/Users/philippebrossier/.gradle/caches/modules-2/files-2.1/ch.qos.logback/logback-core/1.1.11/88b8df40340eed549fb07e2613879bf6b006704d/logback-core-1.1.11.jar, user.name=philippebrossier, java.vm.specification.version=1.8, sun.java.command=worker.org.gradle.process.internal.worker.GradleWorkerMain 'Gradle Test Executor 3', java.home=/Library/Java/JavaVirtualMachines/jdk1.8.0_121.jdk/Contents/Home/jre, sun.arch.data.model=64, user.language=en, java.specification.vendor=Oracle Corporation, awt.toolkit=sun.lwawt.macosx.LWCToolkit, java.vm.info=mixed mode, java.version=1.8.0_121, java.ext.dirs=/Users/philippebrossier/Library/Java/Extensions:/Library/Java/JavaVirtualMachines/jdk1.8.0_121.jdk/Contents/Home/jre/lib/ext:/Library/Java/Extensions:/Network/Library/Java/Extensions:/System/Library/Java/Extensions:/usr/lib/java, sun.boot.class.path=/Library/Java/JavaVirtualMachines/jdk1.8.0_121.jdk/Contents/Home/jre/lib/resources.jar:/Library/Java/JavaVirtualMachines/jdk1.8.0_121.jdk/Contents/Home/jre/lib/rt.jar:/Library/Java/JavaVirtualMachines/jdk1.8.0_121.jdk/Contents/Home/jre/lib/sunrsasign.jar:/Library/Java/JavaVirtualMachines/jdk1.8.0_121.jdk/Contents/Home/jre/lib/jsse.jar:/Library/Java/JavaVirtualMachines/jdk1.8.0_121.jdk/Contents/Home/jre/lib/jce.jar:/Library/Java/JavaVirtualMachines/jdk1.8.0_121.jdk/Contents/Home/jre/lib/charsets.jar:/Library/Java/JavaVirtualMachines/jdk1.8.0_121.jdk/Contents/Home/jre/lib/jfr.jar:/Library/Java/JavaVirtualMachines/jdk1.8.0_121.jdk/Contents/Home/jre/classes, java.vendor=Oracle Corporation, org.gradle.test.worker=3, file.separator=/, java.vendor.url.bug=http://bugreport.sun.com/bugreport/, sun.io.unicode.encoding=UnicodeBig, sun.cpu.endian=little, socksNonProxyHosts=local|*.local|169.254/16|*.169.254/16, ftp.nonProxyHosts=local|*.local|169.254/16|*.169.254/16, sun.cpu.isalist=}}, SystemEnvironmentPropertySource@336654242 {name='systemEnvironment', properties={PATH=/usr/local/bin:/usr/bin:/bin:/usr/sbin:/sbin:/Users/philippebrossier/devtools/apache-maven-3.5.0/bin:/Users/philippebrossier/devtools/gradle/gradle-4.4.1/bin, JAVA_ARCH=x86_64, JAVA_MAIN_CLASS_68531=worker.org.gradle.process.internal.worker.GradleWorkerMain, TERM=xterm-256color, LANG=en_GB.UTF-8, GRADLE_HOME=/Users/philippebrossier/devtools/gradle/gradle-4.4.1, APP_NAME_68509=Gradle, LOGNAME=philippebrossier, XPC_SERVICE_NAME=0, PWD=/Users/philippebrossier/code_perso/gradleAndBoot, TERM_PROGRAM_VERSION=361.1, SHELL=/bin/bash, APP_ICON_68509=/Users/philippebrossier/code_perso/gradleAndBoot/media/gradle.icns, TERM_PROGRAM=Apple_Terminal, JAVA_MAIN_CLASS_68509=org.gradle.wrapper.GradleWrapperMain, SECURITYSESSIONID=186a8, OLDPWD=/Users/philippebrossier/code_perso/gradleAndBoot, USER=philippebrossier, TMPDIR=/var/folders/8z/889fb7_14_7358sg1g51dp2m0000gp/T/, SSH_AUTH_SOCK=/private/tmp/com.apple.launchd.cJdlkOty1o/Listeners, XPC_FLAGS=0x0, TERM_SESSION_ID=78BEA3BB-C86D-428E-A88A-EC64F8E79740, M2_HOME=/Users/philippebrossier/devtools/apache-maven-3.5.0, __CF_USER_TEXT_ENCODING=0x1F6:0x0:0x0, Apple_PubSub_Socket_Render=/private/tmp/com.apple.launchd.hN080HKCho/Render, com.apple.java.jvmTask=CommandLine, HOME=/Users/philippebrossier, SHLVL=1}}]
19:53:04.525 [Test worker] DEBUG org.springframework.test.web.servlet.setup.StandaloneMockMvcBuilder$StaticRequestMappingHandlerMapping - Looking for request mappings in application context: org.springframework.test.web.servlet.setup.StubWebApplicationContext@74205c2a
19:53:04.548 [Test worker] DEBUG org.springframework.test.web.servlet.setup.StandaloneMockMvcBuilder$StaticRequestMappingHandlerMapping - 1 request handler methods found on class com.example.gradleAndBoot.endpoint.TestingController: {public org.springframework.http.ResponseEntity com.example.gradleAndBoot.endpoint.TestingController.testingPost(java.util.UUID,com.example.gradleAndBoot.domain.representation.RequestDTO,org.springframework.validation.BindingResult) throws com.example.gradleAndBoot.error.InvalidRequestException={[/testing/{caseId}/request],methods=[POST],consumes=[application/json],produces=[application/json]}}
19:53:04.555 [Test worker] INFO org.springframework.test.web.servlet.setup.StandaloneMockMvcBuilder$StaticRequestMappingHandlerMapping - Mapped "{[/testing/{caseId}/request],methods=[POST],consumes=[application/json],produces=[application/json]}" onto public org.springframework.http.ResponseEntity<com.example.gradleAndBoot.domain.representation.CreatedObjectDTO> com.example.gradleAndBoot.endpoint.TestingController.testingPost(java.util.UUID,com.example.gradleAndBoot.domain.representation.RequestDTO,org.springframework.validation.BindingResult) throws com.example.gradleAndBoot.error.InvalidRequestException
19:53:04.618 [Test worker] DEBUG org.jboss.logging - Logging Provider: org.jboss.logging.Slf4jLoggerProvider
19:53:04.620 [Test worker] INFO org.hibernate.validator.internal.util.Version - HV000001: Hibernate Validator 5.3.6.Final
19:53:04.641 [Test worker] DEBUG org.hibernate.validator.internal.engine.resolver.DefaultTraversableResolver - Cannot find javax.persistence.Persistence on classpath. Assuming non JPA 2 environment. All properties will per default be traversable.
19:53:04.651 [Test worker] DEBUG org.hibernate.validator.internal.engine.ConfigurationImpl - Setting custom MessageInterpolator of type org.springframework.validation.beanvalidation.LocaleContextMessageInterpolator
19:53:04.653 [Test worker] DEBUG org.hibernate.validator.internal.engine.ConfigurationImpl - Setting custom ParameterNameProvider of type com.sun.proxy.$Proxy23
19:53:04.655 [Test worker] DEBUG org.hibernate.validator.internal.xml.ValidationXmlParser - Trying to load META-INF/validation.xml for XML based Validator configuration.
19:53:04.656 [Test worker] DEBUG org.hibernate.validator.internal.xml.ResourceLoaderHelper - Trying to load META-INF/validation.xml via TCCL
19:53:04.657 [Test worker] DEBUG org.hibernate.validator.internal.xml.ResourceLoaderHelper - Trying to load META-INF/validation.xml via Hibernate Validator's class loader
19:53:04.658 [Test worker] DEBUG org.hibernate.validator.internal.xml.ValidationXmlParser - No META-INF/validation.xml found. Using annotation based configuration only.
19:53:04.704 [Test worker] INFO org.springframework.web.servlet.mvc.method.annotation.RequestMappingHandlerAdapter - Looking for @ControllerAdvice: org.springframework.test.web.servlet.setup.StubWebApplicationContext@74205c2a
19:53:04.723 [Test worker] DEBUG com.example.gradleAndBoot.utility.MockMvcControllerAdviceHelper - Looking for exception mappings: org.springframework.test.web.servlet.setup.StubWebApplicationContext@74205c2a
19:53:04.782 [Test worker] DEBUG org.springframework.test.web.servlet.TestDispatcherServlet - Initializing servlet ''
19:53:04.783 [Test worker] INFO org.springframework.mock.web.MockServletContext - Initializing Spring FrameworkServlet ''
19:53:04.784 [Test worker] INFO org.springframework.test.web.servlet.TestDispatcherServlet - FrameworkServlet '': initialization started
19:53:04.786 [Test worker] DEBUG org.springframework.test.web.servlet.TestDispatcherServlet - Unable to locate MultipartResolver with name 'multipartResolver': no multipart request handling provided
19:53:04.786 [Test worker] DEBUG org.springframework.test.web.servlet.TestDispatcherServlet - Using LocaleResolver [org.springframework.web.servlet.i18n.AcceptHeaderLocaleResolver@7351dea8]
19:53:04.786 [Test worker] DEBUG org.springframework.test.web.servlet.TestDispatcherServlet - Using ThemeResolver [org.springframework.web.servlet.theme.FixedThemeResolver@58912f5]
19:53:04.787 [Test worker] DEBUG org.springframework.test.web.servlet.TestDispatcherServlet - Using RequestToViewNameTranslator [org.springframework.web.servlet.view.DefaultRequestToViewNameTranslator@48c0cea]
19:53:04.787 [Test worker] DEBUG org.springframework.test.web.servlet.TestDispatcherServlet - Using FlashMapManager [org.springframework.web.servlet.support.SessionFlashMapManager@203abef7]
19:53:04.787 [Test worker] DEBUG org.springframework.test.web.servlet.TestDispatcherServlet - Published WebApplicationContext of servlet '' as ServletContext attribute with name [org.springframework.web.servlet.FrameworkServlet.CONTEXT.]
19:53:04.787 [Test worker] INFO org.springframework.test.web.servlet.TestDispatcherServlet - FrameworkServlet '': initialization completed in 3 ms
19:53:04.787 [Test worker] DEBUG org.springframework.test.web.servlet.TestDispatcherServlet - Servlet '' configured successfully
19:53:04.818 [Test worker] DEBUG org.springframework.test.web.servlet.TestDispatcherServlet - DispatcherServlet with name '' processing POST request for [/testing/7bc5d41b-0549-40b3-ba76-42f6d4cf3fd1/request]
19:53:04.819 [Test worker] DEBUG org.springframework.test.web.servlet.setup.StandaloneMockMvcBuilder$StaticRequestMappingHandlerMapping - Looking up handler method for path /testing/7bc5d41b-0549-40b3-ba76-42f6d4cf3fd1/request
19:53:04.824 [Test worker] DEBUG org.springframework.test.web.servlet.setup.StandaloneMockMvcBuilder$StaticRequestMappingHandlerMapping - Returning handler method [public org.springframework.http.ResponseEntity<com.example.gradleAndBoot.domain.representation.CreatedObjectDTO> com.example.gradleAndBoot.endpoint.TestingController.testingPost(java.util.UUID,com.example.gradleAndBoot.domain.representation.RequestDTO,org.springframework.validation.BindingResult) throws com.example.gradleAndBoot.error.InvalidRequestException]
19:53:04.907 [Test worker] DEBUG org.springframework.web.servlet.mvc.method.annotation.RequestResponseBodyMethodProcessor - Read [class com.example.gradleAndBoot.domain.representation.RequestDTO] as "application/json" with [org.springframework.http.converter.json.MappingJackson2HttpMessageConverter@51d78d03]
19:53:04.929 [Test worker] DEBUG org.springframework.web.servlet.mvc.method.annotation.ServletInvocableHandlerMethod - Failed to resolve argument 1 of type 'com.example.gradleAndBoot.domain.representation.RequestDTO'
org.springframework.http.converter.HttpMessageNotReadableException: JSON parse error: Unrecognized field "description" (class com.example.gradleAndBoot.domain.representation.RequestDTO), not marked as ignorable; nested exception is com.fasterxml.jackson.databind.exc.UnrecognizedPropertyException: Unrecognized field "description" (class com.example.gradleAndBoot.domain.representation.RequestDTO), not marked as ignorable (2 known properties: "title", "forename"])
 at [Source: java.io.PushbackInputStream@38335d55; line: 1, column: 57] (through reference chain: com.example.gradleAndBoot.domain.representation.RequestDTO["description"])
	at org.springframework.http.converter.json.AbstractJackson2HttpMessageConverter.readJavaType(AbstractJackson2HttpMessageConverter.java:238)
	at org.springframework.http.converter.json.AbstractJackson2HttpMessageConverter.read(AbstractJackson2HttpMessageConverter.java:223)
	at org.springframework.web.servlet.mvc.method.annotation.AbstractMessageConverterMethodArgumentResolver.readWithMessageConverters(AbstractMessageConverterMethodArgumentResolver.java:201)
	at org.springframework.web.servlet.mvc.method.annotation.RequestResponseBodyMethodProcessor.readWithMessageConverters(RequestResponseBodyMethodProcessor.java:150)
	at org.springframework.web.servlet.mvc.method.annotation.RequestResponseBodyMethodProcessor.resolveArgument(RequestResponseBodyMethodProcessor.java:128)
	at org.springframework.web.method.support.HandlerMethodArgumentResolverComposite.resolveArgument(HandlerMethodArgumentResolverComposite.java:121)
	at org.springframework.web.method.support.InvocableHandlerMethod.getMethodArgumentValues(InvocableHandlerMethod.java:158)
	at org.springframework.web.method.support.InvocableHandlerMethod.invokeForRequest(InvocableHandlerMethod.java:128)
	at org.springframework.web.servlet.mvc.method.annotation.ServletInvocableHandlerMethod.invokeAndHandle(ServletInvocableHandlerMethod.java:97)
	at org.springframework.web.servlet.mvc.method.annotation.RequestMappingHandlerAdapter.invokeHandlerMethod(RequestMappingHandlerAdapter.java:827)
	at org.springframework.web.servlet.mvc.method.annotation.RequestMappingHandlerAdapter.handleInternal(RequestMappingHandlerAdapter.java:738)
	at org.springframework.web.servlet.mvc.method.AbstractHandlerMethodAdapter.handle(AbstractHandlerMethodAdapter.java:85)
	at org.springframework.web.servlet.DispatcherServlet.doDispatch(DispatcherServlet.java:967)
	at org.springframework.web.servlet.DispatcherServlet.doService(DispatcherServlet.java:901)
	at org.springframework.web.servlet.FrameworkServlet.processRequest(FrameworkServlet.java:970)
	at org.springframework.web.servlet.FrameworkServlet.doPost(FrameworkServlet.java:872)
	at javax.servlet.http.HttpServlet.service(HttpServlet.java:707)
	at org.springframework.web.servlet.FrameworkServlet.service(FrameworkServlet.java:846)
	at org.springframework.test.web.servlet.TestDispatcherServlet.service(TestDispatcherServlet.java:65)
	at javax.servlet.http.HttpServlet.service(HttpServlet.java:790)
	at org.springframework.mock.web.MockFilterChain$ServletFilterProxy.doFilter(MockFilterChain.java:160)
	at org.springframework.mock.web.MockFilterChain.doFilter(MockFilterChain.java:127)
	at org.springframework.test.web.servlet.MockMvc.perform(MockMvc.java:155)
	at com.example.gradleAndBoot.endpoint.TestingControllerUnitTest.testingPostBadJson(TestingControllerUnitTest.java:81)
	at sun.reflect.NativeMethodAccessorImpl.invoke0(Native Method)
	at sun.reflect.NativeMethodAccessorImpl.invoke(NativeMethodAccessorImpl.java:62)
	at sun.reflect.DelegatingMethodAccessorImpl.invoke(DelegatingMethodAccessorImpl.java:43)
	at java.lang.reflect.Method.invoke(Method.java:498)
	at org.junit.runners.model.FrameworkMethod$1.runReflectiveCall(FrameworkMethod.java:50)
	at org.junit.internal.runners.model.ReflectiveCallable.run(ReflectiveCallable.java:12)
	at org.junit.runners.model.FrameworkMethod.invokeExplosively(FrameworkMethod.java:47)
	at org.junit.internal.runners.statements.InvokeMethod.evaluate(InvokeMethod.java:17)
	at org.junit.internal.runners.statements.RunBefores.evaluate(RunBefores.java:26)
	at org.junit.runners.ParentRunner.runLeaf(ParentRunner.java:325)
	at org.junit.runners.BlockJUnit4ClassRunner.runChild(BlockJUnit4ClassRunner.java:78)
	at org.junit.runners.BlockJUnit4ClassRunner.runChild(BlockJUnit4ClassRunner.java:57)
	at org.junit.runners.ParentRunner$3.run(ParentRunner.java:290)
	at org.junit.runners.ParentRunner$1.schedule(ParentRunner.java:71)
	at org.junit.runners.ParentRunner.runChildren(ParentRunner.java:288)
	at org.junit.runners.ParentRunner.access$000(ParentRunner.java:58)
	at org.junit.runners.ParentRunner$2.evaluate(ParentRunner.java:268)
	at org.junit.runners.ParentRunner.run(ParentRunner.java:363)
	at org.gradle.api.internal.tasks.testing.junit.JUnitTestClassExecuter.runTestClass(JUnitTestClassExecuter.java:114)
	at org.gradle.api.internal.tasks.testing.junit.JUnitTestClassExecuter.execute(JUnitTestClassExecuter.java:57)
	at org.gradle.api.internal.tasks.testing.junit.JUnitTestClassProcessor.processTestClass(JUnitTestClassProcessor.java:66)
	at org.gradle.api.internal.tasks.testing.SuiteTestClassProcessor.processTestClass(SuiteTestClassProcessor.java:51)
	at sun.reflect.NativeMethodAccessorImpl.invoke0(Native Method)
	at sun.reflect.NativeMethodAccessorImpl.invoke(NativeMethodAccessorImpl.java:62)
	at sun.reflect.DelegatingMethodAccessorImpl.invoke(DelegatingMethodAccessorImpl.java:43)
	at java.lang.reflect.Method.invoke(Method.java:498)
	at org.gradle.internal.dispatch.ReflectionDispatch.dispatch(ReflectionDispatch.java:35)
	at org.gradle.internal.dispatch.ReflectionDispatch.dispatch(ReflectionDispatch.java:24)
	at org.gradle.internal.dispatch.ContextClassLoaderDispatch.dispatch(ContextClassLoaderDispatch.java:32)
	at org.gradle.internal.dispatch.ProxyDispatchAdapter$DispatchingInvocationHandler.invoke(ProxyDispatchAdapter.java:93)
	at com.sun.proxy.$Proxy1.processTestClass(Unknown Source)
	at org.gradle.api.internal.tasks.testing.worker.TestWorker.processTestClass(TestWorker.java:108)
	at sun.reflect.NativeMethodAccessorImpl.invoke0(Native Method)
	at sun.reflect.NativeMethodAccessorImpl.invoke(NativeMethodAccessorImpl.java:62)
	at sun.reflect.DelegatingMethodAccessorImpl.invoke(DelegatingMethodAccessorImpl.java:43)
	at java.lang.reflect.Method.invoke(Method.java:498)
	at org.gradle.internal.dispatch.ReflectionDispatch.dispatch(ReflectionDispatch.java:35)
	at org.gradle.internal.dispatch.ReflectionDispatch.dispatch(ReflectionDispatch.java:24)
	at org.gradle.internal.remote.internal.hub.MessageHubBackedObjectConnection$DispatchWrapper.dispatch(MessageHubBackedObjectConnection.java:146)
	at org.gradle.internal.remote.internal.hub.MessageHubBackedObjectConnection$DispatchWrapper.dispatch(MessageHubBackedObjectConnection.java:128)
	at org.gradle.internal.remote.internal.hub.MessageHub$Handler.run(MessageHub.java:404)
	at org.gradle.internal.concurrent.ExecutorPolicy$CatchAndRecordFailures.onExecute(ExecutorPolicy.java:63)
	at org.gradle.internal.concurrent.ManagedExecutorImpl$1.run(ManagedExecutorImpl.java:46)
	at java.util.concurrent.ThreadPoolExecutor.runWorker(ThreadPoolExecutor.java:1142)
	at java.util.concurrent.ThreadPoolExecutor$Worker.run(ThreadPoolExecutor.java:617)
	at org.gradle.internal.concurrent.ThreadFactoryImpl$ManagedThreadRunnable.run(ThreadFactoryImpl.java:55)
	at java.lang.Thread.run(Thread.java:745)
Caused by: com.fasterxml.jackson.databind.exc.UnrecognizedPropertyException: Unrecognized field "description" (class com.example.gradleAndBoot.domain.representation.RequestDTO), not marked as ignorable (2 known properties: "title", "forename"])
 at [Source: java.io.PushbackInputStream@38335d55; line: 1, column: 57] (through reference chain: com.example.gradleAndBoot.domain.representation.RequestDTO["description"])
	at com.fasterxml.jackson.databind.exc.UnrecognizedPropertyException.from(UnrecognizedPropertyException.java:62)
	at com.fasterxml.jackson.databind.DeserializationContext.handleUnknownProperty(DeserializationContext.java:834)
	at com.fasterxml.jackson.databind.deser.std.StdDeserializer.handleUnknownProperty(StdDeserializer.java:1093)
	at com.fasterxml.jackson.databind.deser.BeanDeserializerBase.handleUnknownProperty(BeanDeserializerBase.java:1489)
	at com.fasterxml.jackson.databind.deser.BeanDeserializerBase.handleUnknownProperties(BeanDeserializerBase.java:1443)
	at com.fasterxml.jackson.databind.deser.BeanDeserializer._deserializeUsingPropertyBased(BeanDeserializer.java:487)
	at com.fasterxml.jackson.databind.deser.BeanDeserializerBase.deserializeFromObjectUsingNonDefault(BeanDeserializerBase.java:1191)
	at com.fasterxml.jackson.databind.deser.BeanDeserializer.deserializeFromObject(BeanDeserializer.java:314)
	at com.fasterxml.jackson.databind.deser.BeanDeserializer.deserialize(BeanDeserializer.java:148)
	at com.fasterxml.jackson.databind.ObjectMapper._readMapAndClose(ObjectMapper.java:3814)
	at com.fasterxml.jackson.databind.ObjectMapper.readValue(ObjectMapper.java:2938)
	at org.springframework.http.converter.json.AbstractJackson2HttpMessageConverter.readJavaType(AbstractJackson2HttpMessageConverter.java:235)
	... 70 common frames omitted
19:53:04.943 [Test worker] DEBUG com.example.gradleAndBoot.utility.MockMvcControllerAdviceHelper - Resolving exception from handler [public org.springframework.http.ResponseEntity<com.example.gradleAndBoot.domain.representation.CreatedObjectDTO> com.example.gradleAndBoot.endpoint.TestingController.testingPost(java.util.UUID,com.example.gradleAndBoot.domain.representation.RequestDTO,org.springframework.validation.BindingResult) throws com.example.gradleAndBoot.error.InvalidRequestException]: org.springframework.http.converter.HttpMessageNotReadableException: JSON parse error: Unrecognized field "description" (class com.example.gradleAndBoot.domain.representation.RequestDTO), not marked as ignorable; nested exception is com.fasterxml.jackson.databind.exc.UnrecognizedPropertyException: Unrecognized field "description" (class com.example.gradleAndBoot.domain.representation.RequestDTO), not marked as ignorable (2 known properties: "title", "forename"])
 at [Source: java.io.PushbackInputStream@38335d55; line: 1, column: 57] (through reference chain: com.example.gradleAndBoot.domain.representation.RequestDTO["description"])
19:53:04.952 [Test worker] DEBUG com.example.gradleAndBoot.utility.MockMvcControllerAdviceHelper - Invoking @ExceptionHandler method: public org.springframework.http.ResponseEntity<?> com.example.gradleAndBoot.error.RestExceptionHandler.handleHttpMessageNotReadableException(org.springframework.http.converter.HttpMessageNotReadableException,java.util.Locale)
19:53:04.954 [Test worker] ERROR com.example.gradleAndBoot.error.RestExceptionHandler - handleHttpMessageNotReadableException {}
org.springframework.http.converter.HttpMessageNotReadableException: JSON parse error: Unrecognized field "description" (class com.example.gradleAndBoot.domain.representation.RequestDTO), not marked as ignorable; nested exception is com.fasterxml.jackson.databind.exc.UnrecognizedPropertyException: Unrecognized field "description" (class com.example.gradleAndBoot.domain.representation.RequestDTO), not marked as ignorable (2 known properties: "title", "forename"])
 at [Source: java.io.PushbackInputStream@38335d55; line: 1, column: 57] (through reference chain: com.example.gradleAndBoot.domain.representation.RequestDTO["description"])
	at org.springframework.http.converter.json.AbstractJackson2HttpMessageConverter.readJavaType(AbstractJackson2HttpMessageConverter.java:238)
	at org.springframework.http.converter.json.AbstractJackson2HttpMessageConverter.read(AbstractJackson2HttpMessageConverter.java:223)
	at org.springframework.web.servlet.mvc.method.annotation.AbstractMessageConverterMethodArgumentResolver.readWithMessageConverters(AbstractMessageConverterMethodArgumentResolver.java:201)
	at org.springframework.web.servlet.mvc.method.annotation.RequestResponseBodyMethodProcessor.readWithMessageConverters(RequestResponseBodyMethodProcessor.java:150)
	at org.springframework.web.servlet.mvc.method.annotation.RequestResponseBodyMethodProcessor.resolveArgument(RequestResponseBodyMethodProcessor.java:128)
	at org.springframework.web.method.support.HandlerMethodArgumentResolverComposite.resolveArgument(HandlerMethodArgumentResolverComposite.java:121)
	at org.springframework.web.method.support.InvocableHandlerMethod.getMethodArgumentValues(InvocableHandlerMethod.java:158)
	at org.springframework.web.method.support.InvocableHandlerMethod.invokeForRequest(InvocableHandlerMethod.java:128)
	at org.springframework.web.servlet.mvc.method.annotation.ServletInvocableHandlerMethod.invokeAndHandle(ServletInvocableHandlerMethod.java:97)
	at org.springframework.web.servlet.mvc.method.annotation.RequestMappingHandlerAdapter.invokeHandlerMethod(RequestMappingHandlerAdapter.java:827)
	at org.springframework.web.servlet.mvc.method.annotation.RequestMappingHandlerAdapter.handleInternal(RequestMappingHandlerAdapter.java:738)
	at org.springframework.web.servlet.mvc.method.AbstractHandlerMethodAdapter.handle(AbstractHandlerMethodAdapter.java:85)
	at org.springframework.web.servlet.DispatcherServlet.doDispatch(DispatcherServlet.java:967)
	at org.springframework.web.servlet.DispatcherServlet.doService(DispatcherServlet.java:901)
	at org.springframework.web.servlet.FrameworkServlet.processRequest(FrameworkServlet.java:970)
	at org.springframework.web.servlet.FrameworkServlet.doPost(FrameworkServlet.java:872)
	at javax.servlet.http.HttpServlet.service(HttpServlet.java:707)
	at org.springframework.web.servlet.FrameworkServlet.service(FrameworkServlet.java:846)
	at org.springframework.test.web.servlet.TestDispatcherServlet.service(TestDispatcherServlet.java:65)
	at javax.servlet.http.HttpServlet.service(HttpServlet.java:790)
	at org.springframework.mock.web.MockFilterChain$ServletFilterProxy.doFilter(MockFilterChain.java:160)
	at org.springframework.mock.web.MockFilterChain.doFilter(MockFilterChain.java:127)
	at org.springframework.test.web.servlet.MockMvc.perform(MockMvc.java:155)
	at com.example.gradleAndBoot.endpoint.TestingControllerUnitTest.testingPostBadJson(TestingControllerUnitTest.java:81)
	at sun.reflect.NativeMethodAccessorImpl.invoke0(Native Method)
	at sun.reflect.NativeMethodAccessorImpl.invoke(NativeMethodAccessorImpl.java:62)
	at sun.reflect.DelegatingMethodAccessorImpl.invoke(DelegatingMethodAccessorImpl.java:43)
	at java.lang.reflect.Method.invoke(Method.java:498)
	at org.junit.runners.model.FrameworkMethod$1.runReflectiveCall(FrameworkMethod.java:50)
	at org.junit.internal.runners.model.ReflectiveCallable.run(ReflectiveCallable.java:12)
	at org.junit.runners.model.FrameworkMethod.invokeExplosively(FrameworkMethod.java:47)
	at org.junit.internal.runners.statements.InvokeMethod.evaluate(InvokeMethod.java:17)
	at org.junit.internal.runners.statements.RunBefores.evaluate(RunBefores.java:26)
	at org.junit.runners.ParentRunner.runLeaf(ParentRunner.java:325)
	at org.junit.runners.BlockJUnit4ClassRunner.runChild(BlockJUnit4ClassRunner.java:78)
	at org.junit.runners.BlockJUnit4ClassRunner.runChild(BlockJUnit4ClassRunner.java:57)
	at org.junit.runners.ParentRunner$3.run(ParentRunner.java:290)
	at org.junit.runners.ParentRunner$1.schedule(ParentRunner.java:71)
	at org.junit.runners.ParentRunner.runChildren(ParentRunner.java:288)
	at org.junit.runners.ParentRunner.access$000(ParentRunner.java:58)
	at org.junit.runners.ParentRunner$2.evaluate(ParentRunner.java:268)
	at org.junit.runners.ParentRunner.run(ParentRunner.java:363)
	at org.gradle.api.internal.tasks.testing.junit.JUnitTestClassExecuter.runTestClass(JUnitTestClassExecuter.java:114)
	at org.gradle.api.internal.tasks.testing.junit.JUnitTestClassExecuter.execute(JUnitTestClassExecuter.java:57)
	at org.gradle.api.internal.tasks.testing.junit.JUnitTestClassProcessor.processTestClass(JUnitTestClassProcessor.java:66)
	at org.gradle.api.internal.tasks.testing.SuiteTestClassProcessor.processTestClass(SuiteTestClassProcessor.java:51)
	at sun.reflect.NativeMethodAccessorImpl.invoke0(Native Method)
	at sun.reflect.NativeMethodAccessorImpl.invoke(NativeMethodAccessorImpl.java:62)
	at sun.reflect.DelegatingMethodAccessorImpl.invoke(DelegatingMethodAccessorImpl.java:43)
	at java.lang.reflect.Method.invoke(Method.java:498)
	at org.gradle.internal.dispatch.ReflectionDispatch.dispatch(ReflectionDispatch.java:35)
	at org.gradle.internal.dispatch.ReflectionDispatch.dispatch(ReflectionDispatch.java:24)
	at org.gradle.internal.dispatch.ContextClassLoaderDispatch.dispatch(ContextClassLoaderDispatch.java:32)
	at org.gradle.internal.dispatch.ProxyDispatchAdapter$DispatchingInvocationHandler.invoke(ProxyDispatchAdapter.java:93)
	at com.sun.proxy.$Proxy1.processTestClass(Unknown Source)
	at org.gradle.api.internal.tasks.testing.worker.TestWorker.processTestClass(TestWorker.java:108)
	at sun.reflect.NativeMethodAccessorImpl.invoke0(Native Method)
	at sun.reflect.NativeMethodAccessorImpl.invoke(NativeMethodAccessorImpl.java:62)
	at sun.reflect.DelegatingMethodAccessorImpl.invoke(DelegatingMethodAccessorImpl.java:43)
	at java.lang.reflect.Method.invoke(Method.java:498)
	at org.gradle.internal.dispatch.ReflectionDispatch.dispatch(ReflectionDispatch.java:35)
	at org.gradle.internal.dispatch.ReflectionDispatch.dispatch(ReflectionDispatch.java:24)
	at org.gradle.internal.remote.internal.hub.MessageHubBackedObjectConnection$DispatchWrapper.dispatch(MessageHubBackedObjectConnection.java:146)
	at org.gradle.internal.remote.internal.hub.MessageHubBackedObjectConnection$DispatchWrapper.dispatch(MessageHubBackedObjectConnection.java:128)
	at org.gradle.internal.remote.internal.hub.MessageHub$Handler.run(MessageHub.java:404)
	at org.gradle.internal.concurrent.ExecutorPolicy$CatchAndRecordFailures.onExecute(ExecutorPolicy.java:63)
	at org.gradle.internal.concurrent.ManagedExecutorImpl$1.run(ManagedExecutorImpl.java:46)
	at java.util.concurrent.ThreadPoolExecutor.runWorker(ThreadPoolExecutor.java:1142)
	at java.util.concurrent.ThreadPoolExecutor$Worker.run(ThreadPoolExecutor.java:617)
	at org.gradle.internal.concurrent.ThreadFactoryImpl$ManagedThreadRunnable.run(ThreadFactoryImpl.java:55)
	at java.lang.Thread.run(Thread.java:745)
Caused by: com.fasterxml.jackson.databind.exc.UnrecognizedPropertyException: Unrecognized field "description" (class com.example.gradleAndBoot.domain.representation.RequestDTO), not marked as ignorable (2 known properties: "title", "forename"])
 at [Source: java.io.PushbackInputStream@38335d55; line: 1, column: 57] (through reference chain: com.example.gradleAndBoot.domain.representation.RequestDTO["description"])
	at com.fasterxml.jackson.databind.exc.UnrecognizedPropertyException.from(UnrecognizedPropertyException.java:62)
	at com.fasterxml.jackson.databind.DeserializationContext.handleUnknownProperty(DeserializationContext.java:834)
	at com.fasterxml.jackson.databind.deser.std.StdDeserializer.handleUnknownProperty(StdDeserializer.java:1093)
	at com.fasterxml.jackson.databind.deser.BeanDeserializerBase.handleUnknownProperty(BeanDeserializerBase.java:1489)
	at com.fasterxml.jackson.databind.deser.BeanDeserializerBase.handleUnknownProperties(BeanDeserializerBase.java:1443)
	at com.fasterxml.jackson.databind.deser.BeanDeserializer._deserializeUsingPropertyBased(BeanDeserializer.java:487)
	at com.fasterxml.jackson.databind.deser.BeanDeserializerBase.deserializeFromObjectUsingNonDefault(BeanDeserializerBase.java:1191)
	at com.fasterxml.jackson.databind.deser.BeanDeserializer.deserializeFromObject(BeanDeserializer.java:314)
	at com.fasterxml.jackson.databind.deser.BeanDeserializer.deserialize(BeanDeserializer.java:148)
	at com.fasterxml.jackson.databind.ObjectMapper._readMapAndClose(ObjectMapper.java:3814)
	at com.fasterxml.jackson.databind.ObjectMapper.readValue(ObjectMapper.java:2938)
	at org.springframework.http.converter.json.AbstractJackson2HttpMessageConverter.readJavaType(AbstractJackson2HttpMessageConverter.java:235)
	... 70 common frames omitted
19:53:04.988 [Test worker] DEBUG org.springframework.web.servlet.mvc.method.annotation.HttpEntityMethodProcessor - Written [com.example.gradleAndBoot.error.CTPException: Provided json is incorrect.: VALIDATION_FAILED] as "application/json" using [org.springframework.http.converter.json.MappingJackson2HttpMessageConverter@381aa743]
19:53:04.989 [Test worker] DEBUG org.springframework.test.web.servlet.TestDispatcherServlet - Null ModelAndView returned to DispatcherServlet with name '': assuming HandlerAdapter completed request handling
19:53:04.989 [Test worker] DEBUG org.springframework.test.web.servlet.TestDispatcherServlet - Successfully completed request
19:53:05.041 [Test worker] DEBUG com.jayway.jsonpath.internal.path.CompiledPath - Evaluating path: $['error']['code']
19:53:05.048 [Test worker] DEBUG com.jayway.jsonpath.internal.path.CompiledPath - Evaluating path: $['error']['message']
19:53:05.049 [Test worker] DEBUG com.jayway.jsonpath.internal.path.CompiledPath - Evaluating path: $['error']['timestamp']
19:53:05.055 [Test worker] DEBUG ma.glasnost.orika.metadata.ClassMapBuilder - ClassMap created:
	ClassMapBuilder.map(Request, RequestDTO)
	 .field( forename(String), forename(String) )
	 .field( title(String), title(String) )
19:53:05.056 [Test worker] DEBUG ma.glasnost.orika.metadata.ClassMapBuilder - ClassMap created:
	ClassMapBuilder.map(CreatedObject, CreatedObjectDTO)
	 .field( internalDescription(String), description(String) )
	 .field( createdBy(String), createdBy(String) )
19:53:05.072 [Test worker] DEBUG ma.glasnost.orika.impl.generator.MapperGenerator - Generating new mapper for (Request, RequestDTO)
	Orika_RequestDTO_Request_Mapper41891155046926$2.mapAToB(Request, RequestDTO) {
	 Field(forename(String), forename(String)) : copying String by reference
	 Field(title(String), title(String)) : copying String by reference
	}
	Orika_RequestDTO_Request_Mapper41891155046926$2.mapBToA(RequestDTO, Request) {
	 Field(forename(String), forename(String)) : copying String by reference
	 Field(title(String), title(String)) : copying String by reference
	}
19:53:05.085 [Test worker] DEBUG ma.glasnost.orika.impl.generator.MapperGenerator - Generating new mapper for (CreatedObject, CreatedObjectDTO)
	Orika_CreatedObjectDTO_CreatedObject_Mapper41891166626197$3.mapAToB(CreatedObject, CreatedObjectDTO) {
	 Field(internalDescription(String), description(String)) : copying String by reference
	 Field(createdBy(String), createdBy(String)) : copying String by reference
	}
	Orika_CreatedObjectDTO_CreatedObject_Mapper41891166626197$3.mapBToA(CreatedObjectDTO, CreatedObject) {
	 Field(description(String), internalDescription(String)) : copying String by reference
	 Field(createdBy(String), createdBy(String)) : copying String by reference
	}
19:53:05.097 [Test worker] DEBUG org.springframework.core.env.StandardEnvironment - Adding PropertySource 'systemProperties' with lowest search precedence
19:53:05.098 [Test worker] DEBUG org.springframework.core.env.StandardEnvironment - Adding PropertySource 'systemEnvironment' with lowest search precedence
19:53:05.098 [Test worker] DEBUG org.springframework.core.env.StandardEnvironment - Initialized StandardEnvironment with PropertySources [MapPropertySource@1315471794 {name='systemProperties', properties={java.runtime.name=Java(TM) SE Runtime Environment, sun.boot.library.path=/Library/Java/JavaVirtualMachines/jdk1.8.0_121.jdk/Contents/Home/jre/lib, java.vm.version=25.121-b13, gopherProxySet=false, java.vm.vendor=Oracle Corporation, java.vendor.url=http://java.oracle.com/, path.separator=:, java.vm.name=Java HotSpot(TM) 64-Bit Server VM, file.encoding.pkg=sun.io, sun.java.launcher=SUN_STANDARD, user.country=US, sun.os.patch.level=unknown, java.vm.specification.name=Java Virtual Machine Specification, user.dir=/Users/philippebrossier/code_perso/gradleAndBoot, java.runtime.version=1.8.0_121-b13, java.awt.graphicsenv=sun.awt.CGraphicsEnvironment, java.endorsed.dirs=/Library/Java/JavaVirtualMachines/jdk1.8.0_121.jdk/Contents/Home/jre/lib/endorsed, os.arch=x86_64, java.io.tmpdir=/var/folders/8z/889fb7_14_7358sg1g51dp2m0000gp/T/, line.separator=
, java.vm.specification.vendor=Oracle Corporation, user.variant=, os.name=Mac OS X, sun.jnu.encoding=UTF-8, java.library.path=/Users/philippebrossier/Library/Java/Extensions:/Library/Java/Extensions:/Network/Library/Java/Extensions:/System/Library/Java/Extensions:/usr/lib/java:., java.specification.name=Java Platform API Specification, java.class.version=52.0, org.gradle.native=false, sun.management.compiler=HotSpot 64-Bit Tiered Compilers, os.version=10.11.6, http.nonProxyHosts=local|*.local|169.254/16|*.169.254/16, user.home=/Users/philippebrossier, user.timezone=Europe/London, java.awt.printerjob=sun.lwawt.macosx.CPrinterJob, file.encoding=UTF-8, java.specification.version=1.8, java.class.path=/Users/philippebrossier/code_perso/gradleAndBoot/build/classes/java/test:/Users/philippebrossier/code_perso/gradleAndBoot/build/resources/test:/Users/philippebrossier/code_perso/gradleAndBoot/build/classes/java/main:/Users/philippebrossier/code_perso/gradleAndBoot/build/resources/main:/Users/philippebrossier/.gradle/caches/modules-2/files-2.1/org.springframework.boot/spring-boot-starter-web/1.5.9.RELEASE/bda9733d5e6ba6d1a97deead1738713dc0631b3e/spring-boot-starter-web-1.5.9.RELEASE.jar:/Users/philippebrossier/.gradle/caches/modules-2/files-2.1/org.springframework.boot/spring-boot-starter-jetty/1.5.9.RELEASE/4e4b62d65f1007235b3a9c32403dd610dfe5592/spring-boot-starter-jetty-1.5.9.RELEASE.jar:/Users/philippebrossier/.gradle/caches/modules-2/files-2.1/org.springframework.boot/spring-boot-starter-actuator/1.5.9.RELEASE/5fcdcdef573e55e5dba9b499e3f5582f6b3c3fbe/spring-boot-starter-actuator-1.5.9.RELEASE.jar:/Users/philippebrossier/.gradle/caches/modules-2/files-2.1/org.projectlombok/lombok/1.16.18/557d13dcb647038dc687390711ccb5c9b3ffbd60/lombok-1.16.18.jar:/Users/philippebrossier/.gradle/caches/modules-2/files-2.1/ma.glasnost.orika/orika-core/1.5.2/ec930d88c9bdbddcba9ea91c5eb6ba9ec2863af7/orika-core-1.5.2.jar:/Users/philippebrossier/.gradle/caches/modules-2/files-2.1/org.springframework.boot/spring-boot-starter-test/1.5.9.RELEASE/b5adf6fbf53be00b7ae52f657d564122edbe5156/spring-boot-starter-test-1.5.9.RELEASE.jar:/Users/philippebrossier/.gradle/caches/modules-2/files-2.1/org.springframework.boot/spring-boot-starter/1.5.9.RELEASE/6bfb34db2715ee86c6e2337fa145650588b4b1b3/spring-boot-starter-1.5.9.RELEASE.jar:/Users/philippebrossier/.gradle/caches/modules-2/files-2.1/org.hibernate/hibernate-validator/5.3.6.Final/4c730be8bf55a8e9a61e79a2f2c079abf48b718/hibernate-validator-5.3.6.Final.jar:/Users/philippebrossier/.gradle/caches/modules-2/files-2.1/org.springframework.boot/spring-boot-actuator/1.5.9.RELEASE/c4aaf71a1298c1bde690fcf75df39036745396c6/spring-boot-actuator-1.5.9.RELEASE.jar:/Users/philippebrossier/.gradle/caches/modules-2/files-2.1/com.fasterxml.jackson.core/jackson-databind/2.8.10/f7b83cb2bc4b88d53961e749e1ad32f49ef017b7/jackson-databind-2.8.10.jar:/Users/philippebrossier/.gradle/caches/modules-2/files-2.1/org.springframework/spring-webmvc/4.3.13.RELEASE/87a095c7a1d13fe433ae6712787238c1dbaa6919/spring-webmvc-4.3.13.RELEASE.jar:/Users/philippebrossier/.gradle/caches/modules-2/files-2.1/org.springframework/spring-web/4.3.13.RELEASE/7cd084992d546165ede3e99bc31ee49c937f0ce7/spring-web-4.3.13.RELEASE.jar:/Users/philippebrossier/.gradle/caches/modules-2/files-2.1/org.eclipse.jetty/jetty-servlets/9.4.7.v20170914/a0b1f50faf6ea178e4e1b46072794ebbb4c682e9/jetty-servlets-9.4.7.v20170914.jar:/Users/philippebrossier/.gradle/caches/modules-2/files-2.1/org.eclipse.jetty.websocket/javax-websocket-server-impl/9.4.7.v20170914/45e2d7106f87f7950928447b7124e07e68b3f9a3/javax-websocket-server-impl-9.4.7.v20170914.jar:/Users/philippebrossier/.gradle/caches/modules-2/files-2.1/org.eclipse.jetty/jetty-annotations/9.4.7.v20170914/fb2649517a94753465c9dfa05965a5caf471ffcf/jetty-annotations-9.4.7.v20170914.jar:/Users/philippebrossier/.gradle/caches/modules-2/files-2.1/org.eclipse.jetty/jetty-plus/9.4.7.v20170914/862942bedb3d071e475770494b017efc6efa5a4f/jetty-plus-9.4.7.v20170914.jar:/Users/philippebrossier/.gradle/caches/modules-2/files-2.1/org.eclipse.jetty/jetty-webapp/9.4.7.v20170914/cb3f5561ad15a750dcb0cfdcc2db6df141df74b2/jetty-webapp-9.4.7.v20170914.jar:/Users/philippebrossier/.gradle/caches/modules-2/files-2.1/org.eclipse.jetty.websocket/websocket-server/9.4.7.v20170914/560ebb2f187c0f61b07b24eb667f669941beff89/websocket-server-9.4.7.v20170914.jar:/Users/philippebrossier/.gradle/caches/modules-2/files-2.1/org.mortbay.jasper/apache-el/8.0.33/1b8fa2179b3937cada939317bb135815e79c0ac2/apache-el-8.0.33.jar:/Users/philippebrossier/.gradle/caches/modules-2/files-2.1/org.javassist/javassist/3.21.0-GA/598244f595db5c5fb713731eddbb1c91a58d959b/javassist-3.21.0-GA.jar:/Users/philippebrossier/.gradle/caches/modules-2/files-2.1/com.thoughtworks.paranamer/paranamer/2.8/619eba74c19ccf1da8ebec97a2d7f8ba05773dd6/paranamer-2.8.jar:/Users/philippebrossier/.gradle/caches/modules-2/files-2.1/com.jayway.jsonpath/json-path/2.2.0/22290d17944bd239fabf5ac69005a60a7ecbbbcb/json-path-2.2.0.jar:/Users/philippebrossier/.gradle/caches/modules-2/files-2.1/org.springframework.boot/spring-boot-starter-logging/1.5.9.RELEASE/30fd62a1ce9639759d90d49608501082314c1628/spring-boot-starter-logging-1.5.9.RELEASE.jar:/Users/philippebrossier/.gradle/caches/modules-2/files-2.1/ch.qos.logback/logback-classic/1.1.11/ccedfbacef4a6515d2983e3f89ed753d5d4fb665/logback-classic-1.1.11.jar:/Users/philippebrossier/.gradle/caches/modules-2/files-2.1/org.slf4j/jcl-over-slf4j/1.7.25/f8c32b13ff142a513eeb5b6330b1588dcb2c0461/jcl-over-slf4j-1.7.25.jar:/Users/philippebrossier/.gradle/caches/modules-2/files-2.1/org.slf4j/jul-to-slf4j/1.7.25/af5364cd6679bfffb114f0dec8a157aaa283b76/jul-to-slf4j-1.7.25.jar:/Users/philippebrossier/.gradle/caches/modules-2/files-2.1/org.slf4j/log4j-over-slf4j/1.7.25/a87bb47468f47ee7aabbd54f93e133d4215769c3/log4j-over-slf4j-1.7.25.jar:/Users/philippebrossier/.gradle/caches/modules-2/files-2.1/org.slf4j/slf4j-api/1.7.25/da76ca59f6a57ee3102f8f9bd9cee742973efa8a/slf4j-api-1.7.25.jar:/Users/philippebrossier/.gradle/caches/modules-2/files-2.1/com.googlecode.concurrentlinkedhashmap/concurrentlinkedhashmap-lru/1.4.2/2eaf3d3c9746d526ff7e5b93931d482c3887e6ac/concurrentlinkedhashmap-lru-1.4.2.jar:/Users/philippebrossier/.gradle/caches/modules-2/files-2.1/com.carrotsearch/java-sizeof/0.0.4/7a347178c4f234692088a1dff85d551ae28f5af9/java-sizeof-0.0.4.jar:/Users/philippebrossier/.gradle/caches/modules-2/files-2.1/org.codehaus.janino/janino/2.7.8/109852ba81725a1ca29cc9aa0688455bd7be4b0f/janino-2.7.8.jar:/Users/philippebrossier/.gradle/caches/modules-2/files-2.1/org.springframework.boot/spring-boot-test-autoconfigure/1.5.9.RELEASE/b428495e25b0531b2a977f51c5d29011c817b8ee/spring-boot-test-autoconfigure-1.5.9.RELEASE.jar:/Users/philippebrossier/.gradle/caches/modules-2/files-2.1/org.springframework.boot/spring-boot-test/1.5.9.RELEASE/7e604d56325f04a8b89a280e647746fc69e5a21f/spring-boot-test-1.5.9.RELEASE.jar:/Users/philippebrossier/.gradle/caches/modules-2/files-2.1/junit/junit/4.12/2973d150c0dc1fefe998f834810d68f278ea58ec/junit-4.12.jar:/Users/philippebrossier/.gradle/caches/modules-2/files-2.1/org.assertj/assertj-core/2.6.0/b532c3fc4f66bcfee4989a3514f1cd56203a33ad/assertj-core-2.6.0.jar:/Users/philippebrossier/.gradle/caches/modules-2/files-2.1/org.mockito/mockito-core/1.10.19/e8546f5bef4e061d8dd73895b4e8f40e3fe6effe/mockito-core-1.10.19.jar:/Users/philippebrossier/.gradle/caches/modules-2/files-2.1/org.hamcrest/hamcrest-library/1.3/4785a3c21320980282f9f33d0d1264a69040538f/hamcrest-library-1.3.jar:/Users/philippebrossier/.gradle/caches/modules-2/files-2.1/org.hamcrest/hamcrest-core/1.3/42a25dc3219429f0e5d060061f71acb49bf010a0/hamcrest-core-1.3.jar:/Users/philippebrossier/.gradle/caches/modules-2/files-2.1/org.skyscreamer/jsonassert/1.4.0/9cdbb373a06f6513e51e8c545ee6a5e981463edb/jsonassert-1.4.0.jar:/Users/philippebrossier/.gradle/caches/modules-2/files-2.1/org.springframework/spring-test/4.3.13.RELEASE/f4ff71b0d628d37f334d4f1f197c1b8cea364d01/spring-test-4.3.13.RELEASE.jar:/Users/philippebrossier/.gradle/caches/modules-2/files-2.1/org.springframework.boot/spring-boot-autoconfigure/1.5.9.RELEASE/88dd18bdaf317ae40971573a051fd47265f2ed39/spring-boot-autoconfigure-1.5.9.RELEASE.jar:/Users/philippebrossier/.gradle/caches/modules-2/files-2.1/org.springframework.boot/spring-boot/1.5.9.RELEASE/f472cdf948288796fb31e0bb03f6e7b022b763a0/spring-boot-1.5.9.RELEASE.jar:/Users/philippebrossier/.gradle/caches/modules-2/files-2.1/org.springframework/spring-context/4.3.13.RELEASE/6ab1c189a13182fa3256f6bbc68fafdaf8f5a19e/spring-context-4.3.13.RELEASE.jar:/Users/philippebrossier/.gradle/caches/modules-2/files-2.1/org.springframework/spring-expression/4.3.13.RELEASE/da22bf7df1262e429b49653be6cd5b89b6affe5e/spring-expression-4.3.13.RELEASE.jar:/Users/philippebrossier/.gradle/caches/modules-2/files-2.1/org.springframework/spring-aop/4.3.13.RELEASE/61f427b55951f59b50f3c2bd0de3c48960e2a342/spring-aop-4.3.13.RELEASE.jar:/Users/philippebrossier/.gradle/caches/modules-2/files-2.1/org.springframework/spring-beans/4.3.13.RELEASE/8613a7077722f1d97f8cb3fea4b0b40bfadf4496/spring-beans-4.3.13.RELEASE.jar:/Users/philippebrossier/.gradle/caches/modules-2/files-2.1/org.springframework/spring-core/4.3.13.RELEASE/eea18d7f4d01f1baa1b6728b678b5a6fe23c61f6/spring-core-4.3.13.RELEASE.jar:/Users/philippebrossier/.gradle/caches/modules-2/files-2.1/org.yaml/snakeyaml/1.17/7a27ea250c5130b2922b86dea63cbb1cc10a660c/snakeyaml-1.17.jar:/Users/philippebrossier/.gradle/caches/modules-2/files-2.1/javax.validation/validation-api/1.1.0.Final/8613ae82954779d518631e05daa73a6a954817d5/validation-api-1.1.0.Final.jar:/Users/philippebrossier/.gradle/caches/modules-2/files-2.1/org.jboss.logging/jboss-logging/3.3.1.Final/c46217ab74b532568c0ed31dc599db3048bd1b67/jboss-logging-3.3.1.Final.jar:/Users/philippebrossier/.gradle/caches/modules-2/files-2.1/com.fasterxml/classmate/1.3.4/3d5f48f10bbe4eb7bd862f10c0583be2e0053c6/classmate-1.3.4.jar:/Users/philippebrossier/.gradle/caches/modules-2/files-2.1/com.fasterxml.jackson.core/jackson-annotations/2.8.0/45b426f7796b741035581a176744d91090e2e6fb/jackson-annotations-2.8.0.jar:/Users/philippebrossier/.gradle/caches/modules-2/files-2.1/com.fasterxml.jackson.core/jackson-core/2.8.10/eb21a035c66ad307e66ec8fce37f5d50fd62d039/jackson-core-2.8.10.jar:/Users/philippebrossier/.gradle/caches/modules-2/files-2.1/org.eclipse.jetty/jetty-continuation/9.4.7.v20170914/6b2aaa9da3e11e0f12bba9a80e74a389ab0d045e/jetty-continuation-9.4.7.v20170914.jar:/Users/philippebrossier/.gradle/caches/modules-2/files-2.1/org.eclipse.jetty.websocket/javax-websocket-client-impl/9.4.7.v20170914/94e54b803406f711e2f9636dd658e497e2ca9e67/javax-websocket-client-impl-9.4.7.v20170914.jar:/Users/philippebrossier/.gradle/caches/modules-2/files-2.1/org.eclipse.jetty.websocket/websocket-client/9.4.7.v20170914/693b3492e04b78757d88544f321076265909a503/websocket-client-9.4.7.v20170914.jar:/Users/philippebrossier/.gradle/caches/modules-2/files-2.1/org.eclipse.jetty/jetty-client/9.4.7.v20170914/b1026e2f37cfaf626b7c42c05ce1ec83cd6609ec/jetty-client-9.4.7.v20170914.jar:/Users/philippebrossier/.gradle/caches/modules-2/files-2.1/org.eclipse.jetty/jetty-servlet/9.4.7.v20170914/980023d7ac2504839f89f337de76c345b21808a1/jetty-servlet-9.4.7.v20170914.jar:/Users/philippebrossier/.gradle/caches/modules-2/files-2.1/org.eclipse.jetty/jetty-security/9.4.7.v20170914/5119551fb6f19c556ea40588ab4c8f11967796ad/jetty-security-9.4.7.v20170914.jar:/Users/philippebrossier/.gradle/caches/modules-2/files-2.1/org.eclipse.jetty/jetty-server/9.4.7.v20170914/886adb1b347f42698ea5482e600033428ad32afb/jetty-server-9.4.7.v20170914.jar:/Users/philippebrossier/.gradle/caches/modules-2/files-2.1/org.eclipse.jetty/jetty-http/9.4.7.v20170914/44a0adb69ff6131129df34d43b28e196c8ce0a90/jetty-http-9.4.7.v20170914.jar:/Users/philippebrossier/.gradle/caches/modules-2/files-2.1/org.eclipse.jetty.websocket/websocket-common/9.4.7.v20170914/47d18802581af0a1c458f7074a47e6e07ee864a0/websocket-common-9.4.7.v20170914.jar:/Users/philippebrossier/.gradle/caches/modules-2/files-2.1/org.eclipse.jetty/jetty-io/9.4.7.v20170914/a51742105ec2665f5ad80c17c784b388cb855329/jetty-io-9.4.7.v20170914.jar:/Users/philippebrossier/.gradle/caches/modules-2/files-2.1/org.eclipse.jetty/jetty-xml/9.4.7.v20170914/203e38c00bba11bcb72b41c8d7a1714df61f31e5/jetty-xml-9.4.7.v20170914.jar:/Users/philippebrossier/.gradle/caches/modules-2/files-2.1/org.eclipse.jetty/jetty-util/9.4.7.v20170914/771efdf5983c174d6d9c58892108c1c2d018404a/jetty-util-9.4.7.v20170914.jar:/Users/philippebrossier/.gradle/caches/modules-2/files-2.1/org.eclipse.jetty.websocket/websocket-servlet/9.4.7.v20170914/a75e6706b6af7a87bd3edebbddc45e6cb525f321/websocket-servlet-9.4.7.v20170914.jar:/Users/philippebrossier/.gradle/caches/modules-2/files-2.1/javax.websocket/javax.websocket-api/1.0/fc843b649d4a1dcb0497669d262befa3918c7ba8/javax.websocket-api-1.0.jar:/Users/philippebrossier/.gradle/caches/modules-2/files-2.1/org.codehaus.janino/commons-compiler/2.7.8/fe224c801f296af125316178300dfc633675a8ff/commons-compiler-2.7.8.jar:/Users/philippebrossier/.gradle/caches/modules-2/files-2.1/net.minidev/json-smart/2.2.1/5b9e5df7a62d1279b70dc882b041d249c4f0b002/json-smart-2.2.1.jar:/Users/philippebrossier/.gradle/caches/modules-2/files-2.1/org.objenesis/objenesis/2.1/87c0ea803b69252868d09308b4618f766f135a96/objenesis-2.1.jar:/Users/philippebrossier/.gradle/caches/modules-2/files-2.1/com.vaadin.external.google/android-json/0.0.20131108.vaadin1/fa26d351fe62a6a17f5cda1287c1c6110dec413f/android-json-0.0.20131108.vaadin1.jar:/Users/philippebrossier/.gradle/caches/modules-2/files-2.1/org.eclipse.jetty.websocket/websocket-api/9.4.7.v20170914/aa7717f73a613c338bda18bfa5b7bd8b6917330/websocket-api-9.4.7.v20170914.jar:/Users/philippebrossier/.gradle/caches/modules-2/files-2.1/javax.servlet/javax.servlet-api/3.1.0/3cd63d075497751784b2fa84be59432f4905bf7c/javax.servlet-api-3.1.0.jar:/Users/philippebrossier/.gradle/caches/modules-2/files-2.1/javax.annotation/javax.annotation-api/1.2/479c1e06db31c432330183f5cae684163f186146/javax.annotation-api-1.2.jar:/Users/philippebrossier/.gradle/caches/modules-2/files-2.1/net.minidev/accessors-smart/1.1/a527213f2fea112a04c9bdf0ec0264e34104cd08/accessors-smart-1.1.jar:/Users/philippebrossier/.gradle/caches/modules-2/files-2.1/org.ow2.asm/asm-commons/5.1/25d8a575034dd9cfcb375a39b5334f0ba9c8474e/asm-commons-5.1.jar:/Users/philippebrossier/.gradle/caches/modules-2/files-2.1/org.ow2.asm/asm-tree/5.1/87b38c12a0ea645791ead9d3e74ae5268d1d6c34/asm-tree-5.1.jar:/Users/philippebrossier/.gradle/caches/modules-2/files-2.1/org.ow2.asm/asm/5.1/5ef31c4fe953b1fd00b8a88fa1d6820e8785bb45/asm-5.1.jar:/Users/philippebrossier/.gradle/caches/modules-2/files-2.1/ch.qos.logback/logback-core/1.1.11/88b8df40340eed549fb07e2613879bf6b006704d/logback-core-1.1.11.jar, user.name=philippebrossier, java.vm.specification.version=1.8, sun.java.command=worker.org.gradle.process.internal.worker.GradleWorkerMain 'Gradle Test Executor 3', java.home=/Library/Java/JavaVirtualMachines/jdk1.8.0_121.jdk/Contents/Home/jre, sun.arch.data.model=64, user.language=en, java.specification.vendor=Oracle Corporation, awt.toolkit=sun.lwawt.macosx.LWCToolkit, java.vm.info=mixed mode, java.version=1.8.0_121, java.ext.dirs=/Users/philippebrossier/Library/Java/Extensions:/Library/Java/JavaVirtualMachines/jdk1.8.0_121.jdk/Contents/Home/jre/lib/ext:/Library/Java/Extensions:/Network/Library/Java/Extensions:/System/Library/Java/Extensions:/usr/lib/java, sun.boot.class.path=/Library/Java/JavaVirtualMachines/jdk1.8.0_121.jdk/Contents/Home/jre/lib/resources.jar:/Library/Java/JavaVirtualMachines/jdk1.8.0_121.jdk/Contents/Home/jre/lib/rt.jar:/Library/Java/JavaVirtualMachines/jdk1.8.0_121.jdk/Contents/Home/jre/lib/sunrsasign.jar:/Library/Java/JavaVirtualMachines/jdk1.8.0_121.jdk/Contents/Home/jre/lib/jsse.jar:/Library/Java/JavaVirtualMachines/jdk1.8.0_121.jdk/Contents/Home/jre/lib/jce.jar:/Library/Java/JavaVirtualMachines/jdk1.8.0_121.jdk/Contents/Home/jre/lib/charsets.jar:/Library/Java/JavaVirtualMachines/jdk1.8.0_121.jdk/Contents/Home/jre/lib/jfr.jar:/Library/Java/JavaVirtualMachines/jdk1.8.0_121.jdk/Contents/Home/jre/classes, java.vendor=Oracle Corporation, org.gradle.test.worker=3, file.separator=/, java.vendor.url.bug=http://bugreport.sun.com/bugreport/, sun.io.unicode.encoding=UnicodeBig, sun.cpu.endian=little, socksNonProxyHosts=local|*.local|169.254/16|*.169.254/16, ftp.nonProxyHosts=local|*.local|169.254/16|*.169.254/16, sun.cpu.isalist=}}, SystemEnvironmentPropertySource@310908417 {name='systemEnvironment', properties={PATH=/usr/local/bin:/usr/bin:/bin:/usr/sbin:/sbin:/Users/philippebrossier/devtools/apache-maven-3.5.0/bin:/Users/philippebrossier/devtools/gradle/gradle-4.4.1/bin, JAVA_ARCH=x86_64, JAVA_MAIN_CLASS_68531=worker.org.gradle.process.internal.worker.GradleWorkerMain, TERM=xterm-256color, LANG=en_GB.UTF-8, GRADLE_HOME=/Users/philippebrossier/devtools/gradle/gradle-4.4.1, APP_NAME_68509=Gradle, LOGNAME=philippebrossier, XPC_SERVICE_NAME=0, PWD=/Users/philippebrossier/code_perso/gradleAndBoot, TERM_PROGRAM_VERSION=361.1, SHELL=/bin/bash, APP_ICON_68509=/Users/philippebrossier/code_perso/gradleAndBoot/media/gradle.icns, TERM_PROGRAM=Apple_Terminal, JAVA_MAIN_CLASS_68509=org.gradle.wrapper.GradleWrapperMain, SECURITYSESSIONID=186a8, OLDPWD=/Users/philippebrossier/code_perso/gradleAndBoot, USER=philippebrossier, TMPDIR=/var/folders/8z/889fb7_14_7358sg1g51dp2m0000gp/T/, SSH_AUTH_SOCK=/private/tmp/com.apple.launchd.cJdlkOty1o/Listeners, XPC_FLAGS=0x0, TERM_SESSION_ID=78BEA3BB-C86D-428E-A88A-EC64F8E79740, M2_HOME=/Users/philippebrossier/devtools/apache-maven-3.5.0, __CF_USER_TEXT_ENCODING=0x1F6:0x0:0x0, Apple_PubSub_Socket_Render=/private/tmp/com.apple.launchd.hN080HKCho/Render, com.apple.java.jvmTask=CommandLine, HOME=/Users/philippebrossier, SHLVL=1}}]
19:53:05.105 [Test worker] DEBUG org.springframework.test.web.servlet.setup.StandaloneMockMvcBuilder$StaticRequestMappingHandlerMapping - Looking for request mappings in application context: org.springframework.test.web.servlet.setup.StubWebApplicationContext@1be1c051
19:53:05.106 [Test worker] DEBUG org.springframework.test.web.servlet.setup.StandaloneMockMvcBuilder$StaticRequestMappingHandlerMapping - 1 request handler methods found on class com.example.gradleAndBoot.endpoint.TestingController: {public org.springframework.http.ResponseEntity com.example.gradleAndBoot.endpoint.TestingController.testingPost(java.util.UUID,com.example.gradleAndBoot.domain.representation.RequestDTO,org.springframework.validation.BindingResult) throws com.example.gradleAndBoot.error.InvalidRequestException={[/testing/{caseId}/request],methods=[POST],consumes=[application/json],produces=[application/json]}}
19:53:05.107 [Test worker] INFO org.springframework.test.web.servlet.setup.StandaloneMockMvcBuilder$StaticRequestMappingHandlerMapping - Mapped "{[/testing/{caseId}/request],methods=[POST],consumes=[application/json],produces=[application/json]}" onto public org.springframework.http.ResponseEntity<com.example.gradleAndBoot.domain.representation.CreatedObjectDTO> com.example.gradleAndBoot.endpoint.TestingController.testingPost(java.util.UUID,com.example.gradleAndBoot.domain.representation.RequestDTO,org.springframework.validation.BindingResult) throws com.example.gradleAndBoot.error.InvalidRequestException
19:53:05.115 [Test worker] DEBUG org.hibernate.validator.internal.engine.resolver.DefaultTraversableResolver - Cannot find javax.persistence.Persistence on classpath. Assuming non JPA 2 environment. All properties will per default be traversable.
19:53:05.116 [Test worker] DEBUG org.hibernate.validator.internal.engine.ConfigurationImpl - Setting custom MessageInterpolator of type org.springframework.validation.beanvalidation.LocaleContextMessageInterpolator
19:53:05.117 [Test worker] DEBUG org.hibernate.validator.internal.engine.ConfigurationImpl - Setting custom ParameterNameProvider of type com.sun.proxy.$Proxy23
19:53:05.117 [Test worker] DEBUG org.hibernate.validator.internal.xml.ValidationXmlParser - Trying to load META-INF/validation.xml for XML based Validator configuration.
19:53:05.118 [Test worker] DEBUG org.hibernate.validator.internal.xml.ResourceLoaderHelper - Trying to load META-INF/validation.xml via TCCL
19:53:05.119 [Test worker] DEBUG org.hibernate.validator.internal.xml.ResourceLoaderHelper - Trying to load META-INF/validation.xml via Hibernate Validator's class loader
19:53:05.120 [Test worker] DEBUG org.hibernate.validator.internal.xml.ValidationXmlParser - No META-INF/validation.xml found. Using annotation based configuration only.
19:53:05.122 [Test worker] INFO org.springframework.web.servlet.mvc.method.annotation.RequestMappingHandlerAdapter - Looking for @ControllerAdvice: org.springframework.test.web.servlet.setup.StubWebApplicationContext@1be1c051
19:53:05.123 [Test worker] DEBUG com.example.gradleAndBoot.utility.MockMvcControllerAdviceHelper - Looking for exception mappings: org.springframework.test.web.servlet.setup.StubWebApplicationContext@1be1c051
19:53:05.124 [Test worker] DEBUG org.springframework.test.web.servlet.TestDispatcherServlet - Initializing servlet ''
19:53:05.124 [Test worker] INFO org.springframework.mock.web.MockServletContext - Initializing Spring FrameworkServlet ''
19:53:05.125 [Test worker] INFO org.springframework.test.web.servlet.TestDispatcherServlet - FrameworkServlet '': initialization started
19:53:05.125 [Test worker] DEBUG org.springframework.test.web.servlet.TestDispatcherServlet - Unable to locate MultipartResolver with name 'multipartResolver': no multipart request handling provided
19:53:05.126 [Test worker] DEBUG org.springframework.test.web.servlet.TestDispatcherServlet - Using LocaleResolver [org.springframework.web.servlet.i18n.AcceptHeaderLocaleResolver@45619305]
19:53:05.126 [Test worker] DEBUG org.springframework.test.web.servlet.TestDispatcherServlet - Using ThemeResolver [org.springframework.web.servlet.theme.FixedThemeResolver@1d0030a5]
19:53:05.128 [Test worker] DEBUG org.springframework.test.web.servlet.TestDispatcherServlet - Using RequestToViewNameTranslator [org.springframework.web.servlet.view.DefaultRequestToViewNameTranslator@460f0593]
19:53:05.129 [Test worker] DEBUG org.springframework.test.web.servlet.TestDispatcherServlet - Using FlashMapManager [org.springframework.web.servlet.support.SessionFlashMapManager@1d1f67ca]
19:53:05.130 [Test worker] DEBUG org.springframework.test.web.servlet.TestDispatcherServlet - Published WebApplicationContext of servlet '' as ServletContext attribute with name [org.springframework.web.servlet.FrameworkServlet.CONTEXT.]
19:53:05.130 [Test worker] INFO org.springframework.test.web.servlet.TestDispatcherServlet - FrameworkServlet '': initialization completed in 5 ms
19:53:05.131 [Test worker] DEBUG org.springframework.test.web.servlet.TestDispatcherServlet - Servlet '' configured successfully
19:53:05.142 [Test worker] DEBUG org.springframework.test.web.servlet.TestDispatcherServlet - DispatcherServlet with name '' processing POST request for [/testing/7bc5d41b-0549-40b3-ba76-42f6d4cf3fd1/request]
19:53:05.142 [Test worker] DEBUG org.springframework.test.web.servlet.setup.StandaloneMockMvcBuilder$StaticRequestMappingHandlerMapping - Looking up handler method for path /testing/7bc5d41b-0549-40b3-ba76-42f6d4cf3fd1/request
19:53:05.143 [Test worker] DEBUG org.springframework.test.web.servlet.setup.StandaloneMockMvcBuilder$StaticRequestMappingHandlerMapping - Returning handler method [public org.springframework.http.ResponseEntity<com.example.gradleAndBoot.domain.representation.CreatedObjectDTO> com.example.gradleAndBoot.endpoint.TestingController.testingPost(java.util.UUID,com.example.gradleAndBoot.domain.representation.RequestDTO,org.springframework.validation.BindingResult) throws com.example.gradleAndBoot.error.InvalidRequestException]
19:53:05.146 [Test worker] DEBUG org.springframework.web.servlet.mvc.method.annotation.RequestResponseBodyMethodProcessor - Read [class com.example.gradleAndBoot.domain.representation.RequestDTO] as "application/json" with [org.springframework.http.converter.json.MappingJackson2HttpMessageConverter@6fa23296]
19:53:05.150 [Test worker] DEBUG org.springframework.core.annotation.AnnotationUtils - Failed to meta-introspect annotation [class com.sun.proxy.$Proxy26]: java.lang.NoSuchMethodException: javax.validation.Valid.value()
19:53:05.286 [Test worker] DEBUG com.example.gradleAndBoot.endpoint.TestingController - Entering testingPost with caseId 7bc5d41b-0549-40b3-ba76-42f6d4cf3fd1 and requestDTO RequestDTO(title=Mr, forename=Philippe)
19:53:05.358 [Test worker] DEBUG ma.glasnost.orika.impl.generator.ObjectFactoryGenerator - Generating new object factory for (Request)
	Using constructor: public com.example.gradleAndBoot.domain.model.Request(java.lang.String,java.lang.String)
	 Field(title(String), title(String)) : copying String by reference
	 Field(forename(String), forename(String)) : copying String by reference
19:53:05.360 [Test worker] DEBUG ma.glasnost.orika.impl.MapperFacadeImpl - MappingStrategy resolved and cached:
	Inputs:[ sourceClass: com.example.gradleAndBoot.domain.representation.RequestDTO, sourceType: null, destinationType: class com.example.gradleAndBoot.domain.model.Request]
	Resolved:[ strategy: InstantiateAndUseCustomMapperStrategy, sourceType: RequestDTO, destinationType: Request, mapper: ma.glasnost.orika.impl.ReversedMapper@37b0032d, mapReverse?: false]
19:53:05.367 [Test worker] DEBUG ma.glasnost.orika.impl.generator.ObjectFactoryGenerator - Generating new object factory for (CreatedObjectDTO)
	Using constructor: public com.example.gradleAndBoot.domain.representation.CreatedObjectDTO(java.lang.String,java.lang.String)
	 Field(createdBy(String), createdBy(String)) : copying String by reference
	 Field(internalDescription(String), description(String)) : copying String by reference
19:53:05.368 [Test worker] DEBUG ma.glasnost.orika.impl.MapperFacadeImpl - MappingStrategy resolved and cached:
	Inputs:[ sourceClass: com.example.gradleAndBoot.domain.model.CreatedObject, sourceType: null, destinationType: class com.example.gradleAndBoot.domain.representation.CreatedObjectDTO]
	Resolved:[ strategy: InstantiateAndUseCustomMapperStrategy, sourceType: CreatedObject, destinationType: CreatedObjectDTO, mapper: GeneratedMapper<CreatedObject, CreatedObjectDTO> {usedConverters: [], usedMappers: [], usedMapperFacades: [], usedTypes: [] }, mapReverse?: false]
19:53:05.390 [Test worker] DEBUG org.springframework.web.servlet.mvc.method.annotation.HttpEntityMethodProcessor - Written [CreatedObjectDTO(createdBy=system, description=some description)] as "application/json" using [org.springframework.http.converter.json.MappingJackson2HttpMessageConverter@6fa23296]
19:53:05.391 [Test worker] DEBUG org.springframework.test.web.servlet.TestDispatcherServlet - Null ModelAndView returned to DispatcherServlet with name '': assuming HandlerAdapter completed request handling
19:53:05.391 [Test worker] DEBUG org.springframework.test.web.servlet.TestDispatcherServlet - Successfully completed request
19:53:05.393 [Test worker] DEBUG com.jayway.jsonpath.internal.path.CompiledPath - Evaluating path: $['createdBy']
19:53:05.394 [Test worker] DEBUG com.jayway.jsonpath.internal.path.CompiledPath - Evaluating path: $['description']
]]></system-out>
  <system-err><![CDATA[]]></system-err>
</testsuite>
