<?xml version="1.0" encoding="UTF-8"?>
<testsuite name="com.example.gradleAndBoot.endpoint.TestingControllerIntegrationTest" tests="3" skipped="0" failures="0" errors="0" timestamp="2018-01-01T17:15:28" hostname="Philippes-MBP.home" time="0.528">
  <properties/>
  <testcase name="testEndpointWithPostNegativeScenario" classname="com.example.gradleAndBoot.endpoint.TestingControllerIntegrationTest" time="0.439"/>
  <testcase name="testEndpointWithPostPositiveScenario" classname="com.example.gradleAndBoot.endpoint.TestingControllerIntegrationTest" time="0.074"/>
  <testcase name="testEndpointWithGet" classname="com.example.gradleAndBoot.endpoint.TestingControllerIntegrationTest" time="0.013"/>
  <system-out><![CDATA[17:15:23.274 [Test worker] DEBUG org.springframework.test.context.junit4.SpringJUnit4ClassRunner - SpringJUnit4ClassRunner constructor called with [class com.example.gradleAndBoot.endpoint.TestingControllerIntegrationTest]
17:15:23.280 [Test worker] DEBUG org.springframework.test.context.BootstrapUtils - Instantiating CacheAwareContextLoaderDelegate from class [org.springframework.test.context.cache.DefaultCacheAwareContextLoaderDelegate]
17:15:23.287 [Test worker] DEBUG org.springframework.test.context.BootstrapUtils - Instantiating BootstrapContext using constructor [public org.springframework.test.context.support.DefaultBootstrapContext(java.lang.Class,org.springframework.test.context.CacheAwareContextLoaderDelegate)]
17:15:23.301 [Test worker] DEBUG org.springframework.test.context.BootstrapUtils - Instantiating TestContextBootstrapper for test class [com.example.gradleAndBoot.endpoint.TestingControllerIntegrationTest] from class [org.springframework.boot.test.context.SpringBootTestContextBootstrapper]
17:15:23.314 [Test worker] INFO org.springframework.boot.test.context.SpringBootTestContextBootstrapper - Neither @ContextConfiguration nor @ContextHierarchy found for test class [com.example.gradleAndBoot.endpoint.TestingControllerIntegrationTest], using SpringBootContextLoader
17:15:23.318 [Test worker] DEBUG org.springframework.test.context.support.AbstractContextLoader - Did not detect default resource location for test class [com.example.gradleAndBoot.endpoint.TestingControllerIntegrationTest]: class path resource [com/example/gradleAndBoot/endpoint/TestingControllerIntegrationTest-context.xml] does not exist
17:15:23.318 [Test worker] DEBUG org.springframework.test.context.support.AbstractContextLoader - Did not detect default resource location for test class [com.example.gradleAndBoot.endpoint.TestingControllerIntegrationTest]: class path resource [com/example/gradleAndBoot/endpoint/TestingControllerIntegrationTestContext.groovy] does not exist
17:15:23.318 [Test worker] INFO org.springframework.test.context.support.AbstractContextLoader - Could not detect default resource locations for test class [com.example.gradleAndBoot.endpoint.TestingControllerIntegrationTest]: no resource found for suffixes {-context.xml, Context.groovy}.
17:15:23.319 [Test worker] INFO org.springframework.test.context.support.AnnotationConfigContextLoaderUtils - Could not detect default configuration classes for test class [com.example.gradleAndBoot.endpoint.TestingControllerIntegrationTest]: TestingControllerIntegrationTest does not declare any static, non-private, non-final, nested classes annotated with @Configuration.
17:15:23.368 [Test worker] DEBUG org.springframework.test.context.support.ActiveProfilesUtils - Could not find an 'annotation declaring class' for annotation type [org.springframework.test.context.ActiveProfiles] and class [com.example.gradleAndBoot.endpoint.TestingControllerIntegrationTest]
17:15:23.376 [Test worker] DEBUG org.springframework.core.env.StandardEnvironment - Adding PropertySource 'systemProperties' with lowest search precedence
17:15:23.377 [Test worker] DEBUG org.springframework.core.env.StandardEnvironment - Adding PropertySource 'systemEnvironment' with lowest search precedence
17:15:23.378 [Test worker] DEBUG org.springframework.core.env.StandardEnvironment - Initialized StandardEnvironment with PropertySources [MapPropertySource@2048619474 {name='systemProperties', properties={java.runtime.name=Java(TM) SE Runtime Environment, sun.boot.library.path=/Library/Java/JavaVirtualMachines/jdk1.8.0_121.jdk/Contents/Home/jre/lib, java.vm.version=25.121-b13, gopherProxySet=false, java.vm.vendor=Oracle Corporation, java.vendor.url=http://java.oracle.com/, path.separator=:, java.vm.name=Java HotSpot(TM) 64-Bit Server VM, file.encoding.pkg=sun.io, sun.java.launcher=SUN_STANDARD, user.country=US, sun.os.patch.level=unknown, java.vm.specification.name=Java Virtual Machine Specification, user.dir=/Users/philippebrossier/code_perso/gradleAndBoot, java.runtime.version=1.8.0_121-b13, java.awt.graphicsenv=sun.awt.CGraphicsEnvironment, java.endorsed.dirs=/Library/Java/JavaVirtualMachines/jdk1.8.0_121.jdk/Contents/Home/jre/lib/endorsed, os.arch=x86_64, java.io.tmpdir=/var/folders/8z/889fb7_14_7358sg1g51dp2m0000gp/T/, line.separator=
, java.vm.specification.vendor=Oracle Corporation, user.variant=, os.name=Mac OS X, sun.jnu.encoding=UTF-8, java.library.path=/Users/philippebrossier/Library/Java/Extensions:/Library/Java/Extensions:/Network/Library/Java/Extensions:/System/Library/Java/Extensions:/usr/lib/java:., java.specification.name=Java Platform API Specification, java.class.version=52.0, org.gradle.native=false, sun.management.compiler=HotSpot 64-Bit Tiered Compilers, os.version=10.11.6, http.nonProxyHosts=local|*.local|169.254/16|*.169.254/16, user.home=/Users/philippebrossier, user.timezone=Europe/London, java.awt.printerjob=sun.lwawt.macosx.CPrinterJob, file.encoding=UTF-8, java.specification.version=1.8, java.class.path=/Users/philippebrossier/code_perso/gradleAndBoot/build/classes/java/test:/Users/philippebrossier/code_perso/gradleAndBoot/build/resources/test:/Users/philippebrossier/code_perso/gradleAndBoot/build/classes/java/main:/Users/philippebrossier/code_perso/gradleAndBoot/build/resources/main:/Users/philippebrossier/.gradle/caches/modules-2/files-2.1/org.springframework.boot/spring-boot-starter-web/1.5.9.RELEASE/bda9733d5e6ba6d1a97deead1738713dc0631b3e/spring-boot-starter-web-1.5.9.RELEASE.jar:/Users/philippebrossier/.gradle/caches/modules-2/files-2.1/org.springframework.boot/spring-boot-starter-jetty/1.5.9.RELEASE/4e4b62d65f1007235b3a9c32403dd610dfe5592/spring-boot-starter-jetty-1.5.9.RELEASE.jar:/Users/philippebrossier/.gradle/caches/modules-2/files-2.1/org.springframework.boot/spring-boot-starter-actuator/1.5.9.RELEASE/5fcdcdef573e55e5dba9b499e3f5582f6b3c3fbe/spring-boot-starter-actuator-1.5.9.RELEASE.jar:/Users/philippebrossier/.gradle/caches/modules-2/files-2.1/org.projectlombok/lombok/1.16.18/557d13dcb647038dc687390711ccb5c9b3ffbd60/lombok-1.16.18.jar:/Users/philippebrossier/.gradle/caches/modules-2/files-2.1/ma.glasnost.orika/orika-core/1.5.2/ec930d88c9bdbddcba9ea91c5eb6ba9ec2863af7/orika-core-1.5.2.jar:/Users/philippebrossier/.gradle/caches/modules-2/files-2.1/org.springframework.boot/spring-boot-starter-test/1.5.9.RELEASE/b5adf6fbf53be00b7ae52f657d564122edbe5156/spring-boot-starter-test-1.5.9.RELEASE.jar:/Users/philippebrossier/.gradle/caches/modules-2/files-2.1/org.springframework.boot/spring-boot-starter/1.5.9.RELEASE/6bfb34db2715ee86c6e2337fa145650588b4b1b3/spring-boot-starter-1.5.9.RELEASE.jar:/Users/philippebrossier/.gradle/caches/modules-2/files-2.1/org.hibernate/hibernate-validator/5.3.6.Final/4c730be8bf55a8e9a61e79a2f2c079abf48b718/hibernate-validator-5.3.6.Final.jar:/Users/philippebrossier/.gradle/caches/modules-2/files-2.1/org.springframework.boot/spring-boot-actuator/1.5.9.RELEASE/c4aaf71a1298c1bde690fcf75df39036745396c6/spring-boot-actuator-1.5.9.RELEASE.jar:/Users/philippebrossier/.gradle/caches/modules-2/files-2.1/com.fasterxml.jackson.core/jackson-databind/2.8.10/f7b83cb2bc4b88d53961e749e1ad32f49ef017b7/jackson-databind-2.8.10.jar:/Users/philippebrossier/.gradle/caches/modules-2/files-2.1/org.springframework/spring-webmvc/4.3.13.RELEASE/87a095c7a1d13fe433ae6712787238c1dbaa6919/spring-webmvc-4.3.13.RELEASE.jar:/Users/philippebrossier/.gradle/caches/modules-2/files-2.1/org.springframework/spring-web/4.3.13.RELEASE/7cd084992d546165ede3e99bc31ee49c937f0ce7/spring-web-4.3.13.RELEASE.jar:/Users/philippebrossier/.gradle/caches/modules-2/files-2.1/org.eclipse.jetty/jetty-servlets/9.4.7.v20170914/a0b1f50faf6ea178e4e1b46072794ebbb4c682e9/jetty-servlets-9.4.7.v20170914.jar:/Users/philippebrossier/.gradle/caches/modules-2/files-2.1/org.eclipse.jetty.websocket/javax-websocket-server-impl/9.4.7.v20170914/45e2d7106f87f7950928447b7124e07e68b3f9a3/javax-websocket-server-impl-9.4.7.v20170914.jar:/Users/philippebrossier/.gradle/caches/modules-2/files-2.1/org.eclipse.jetty/jetty-annotations/9.4.7.v20170914/fb2649517a94753465c9dfa05965a5caf471ffcf/jetty-annotations-9.4.7.v20170914.jar:/Users/philippebrossier/.gradle/caches/modules-2/files-2.1/org.eclipse.jetty/jetty-plus/9.4.7.v20170914/862942bedb3d071e475770494b017efc6efa5a4f/jetty-plus-9.4.7.v20170914.jar:/Users/philippebrossier/.gradle/caches/modules-2/files-2.1/org.eclipse.jetty/jetty-webapp/9.4.7.v20170914/cb3f5561ad15a750dcb0cfdcc2db6df141df74b2/jetty-webapp-9.4.7.v20170914.jar:/Users/philippebrossier/.gradle/caches/modules-2/files-2.1/org.eclipse.jetty.websocket/websocket-server/9.4.7.v20170914/560ebb2f187c0f61b07b24eb667f669941beff89/websocket-server-9.4.7.v20170914.jar:/Users/philippebrossier/.gradle/caches/modules-2/files-2.1/org.mortbay.jasper/apache-el/8.0.33/1b8fa2179b3937cada939317bb135815e79c0ac2/apache-el-8.0.33.jar:/Users/philippebrossier/.gradle/caches/modules-2/files-2.1/org.javassist/javassist/3.21.0-GA/598244f595db5c5fb713731eddbb1c91a58d959b/javassist-3.21.0-GA.jar:/Users/philippebrossier/.gradle/caches/modules-2/files-2.1/com.thoughtworks.paranamer/paranamer/2.8/619eba74c19ccf1da8ebec97a2d7f8ba05773dd6/paranamer-2.8.jar:/Users/philippebrossier/.gradle/caches/modules-2/files-2.1/com.jayway.jsonpath/json-path/2.2.0/22290d17944bd239fabf5ac69005a60a7ecbbbcb/json-path-2.2.0.jar:/Users/philippebrossier/.gradle/caches/modules-2/files-2.1/org.springframework.boot/spring-boot-starter-logging/1.5.9.RELEASE/30fd62a1ce9639759d90d49608501082314c1628/spring-boot-starter-logging-1.5.9.RELEASE.jar:/Users/philippebrossier/.gradle/caches/modules-2/files-2.1/ch.qos.logback/logback-classic/1.1.11/ccedfbacef4a6515d2983e3f89ed753d5d4fb665/logback-classic-1.1.11.jar:/Users/philippebrossier/.gradle/caches/modules-2/files-2.1/org.slf4j/jcl-over-slf4j/1.7.25/f8c32b13ff142a513eeb5b6330b1588dcb2c0461/jcl-over-slf4j-1.7.25.jar:/Users/philippebrossier/.gradle/caches/modules-2/files-2.1/org.slf4j/jul-to-slf4j/1.7.25/af5364cd6679bfffb114f0dec8a157aaa283b76/jul-to-slf4j-1.7.25.jar:/Users/philippebrossier/.gradle/caches/modules-2/files-2.1/org.slf4j/log4j-over-slf4j/1.7.25/a87bb47468f47ee7aabbd54f93e133d4215769c3/log4j-over-slf4j-1.7.25.jar:/Users/philippebrossier/.gradle/caches/modules-2/files-2.1/org.slf4j/slf4j-api/1.7.25/da76ca59f6a57ee3102f8f9bd9cee742973efa8a/slf4j-api-1.7.25.jar:/Users/philippebrossier/.gradle/caches/modules-2/files-2.1/com.googlecode.concurrentlinkedhashmap/concurrentlinkedhashmap-lru/1.4.2/2eaf3d3c9746d526ff7e5b93931d482c3887e6ac/concurrentlinkedhashmap-lru-1.4.2.jar:/Users/philippebrossier/.gradle/caches/modules-2/files-2.1/com.carrotsearch/java-sizeof/0.0.4/7a347178c4f234692088a1dff85d551ae28f5af9/java-sizeof-0.0.4.jar:/Users/philippebrossier/.gradle/caches/modules-2/files-2.1/org.codehaus.janino/janino/2.7.8/109852ba81725a1ca29cc9aa0688455bd7be4b0f/janino-2.7.8.jar:/Users/philippebrossier/.gradle/caches/modules-2/files-2.1/org.springframework.boot/spring-boot-test-autoconfigure/1.5.9.RELEASE/b428495e25b0531b2a977f51c5d29011c817b8ee/spring-boot-test-autoconfigure-1.5.9.RELEASE.jar:/Users/philippebrossier/.gradle/caches/modules-2/files-2.1/org.springframework.boot/spring-boot-test/1.5.9.RELEASE/7e604d56325f04a8b89a280e647746fc69e5a21f/spring-boot-test-1.5.9.RELEASE.jar:/Users/philippebrossier/.gradle/caches/modules-2/files-2.1/junit/junit/4.12/2973d150c0dc1fefe998f834810d68f278ea58ec/junit-4.12.jar:/Users/philippebrossier/.gradle/caches/modules-2/files-2.1/org.assertj/assertj-core/2.6.0/b532c3fc4f66bcfee4989a3514f1cd56203a33ad/assertj-core-2.6.0.jar:/Users/philippebrossier/.gradle/caches/modules-2/files-2.1/org.mockito/mockito-core/1.10.19/e8546f5bef4e061d8dd73895b4e8f40e3fe6effe/mockito-core-1.10.19.jar:/Users/philippebrossier/.gradle/caches/modules-2/files-2.1/org.hamcrest/hamcrest-library/1.3/4785a3c21320980282f9f33d0d1264a69040538f/hamcrest-library-1.3.jar:/Users/philippebrossier/.gradle/caches/modules-2/files-2.1/org.hamcrest/hamcrest-core/1.3/42a25dc3219429f0e5d060061f71acb49bf010a0/hamcrest-core-1.3.jar:/Users/philippebrossier/.gradle/caches/modules-2/files-2.1/org.skyscreamer/jsonassert/1.4.0/9cdbb373a06f6513e51e8c545ee6a5e981463edb/jsonassert-1.4.0.jar:/Users/philippebrossier/.gradle/caches/modules-2/files-2.1/org.springframework/spring-test/4.3.13.RELEASE/f4ff71b0d628d37f334d4f1f197c1b8cea364d01/spring-test-4.3.13.RELEASE.jar:/Users/philippebrossier/.gradle/caches/modules-2/files-2.1/org.springframework.boot/spring-boot-autoconfigure/1.5.9.RELEASE/88dd18bdaf317ae40971573a051fd47265f2ed39/spring-boot-autoconfigure-1.5.9.RELEASE.jar:/Users/philippebrossier/.gradle/caches/modules-2/files-2.1/org.springframework.boot/spring-boot/1.5.9.RELEASE/f472cdf948288796fb31e0bb03f6e7b022b763a0/spring-boot-1.5.9.RELEASE.jar:/Users/philippebrossier/.gradle/caches/modules-2/files-2.1/org.springframework/spring-context/4.3.13.RELEASE/6ab1c189a13182fa3256f6bbc68fafdaf8f5a19e/spring-context-4.3.13.RELEASE.jar:/Users/philippebrossier/.gradle/caches/modules-2/files-2.1/org.springframework/spring-expression/4.3.13.RELEASE/da22bf7df1262e429b49653be6cd5b89b6affe5e/spring-expression-4.3.13.RELEASE.jar:/Users/philippebrossier/.gradle/caches/modules-2/files-2.1/org.springframework/spring-aop/4.3.13.RELEASE/61f427b55951f59b50f3c2bd0de3c48960e2a342/spring-aop-4.3.13.RELEASE.jar:/Users/philippebrossier/.gradle/caches/modules-2/files-2.1/org.springframework/spring-beans/4.3.13.RELEASE/8613a7077722f1d97f8cb3fea4b0b40bfadf4496/spring-beans-4.3.13.RELEASE.jar:/Users/philippebrossier/.gradle/caches/modules-2/files-2.1/org.springframework/spring-core/4.3.13.RELEASE/eea18d7f4d01f1baa1b6728b678b5a6fe23c61f6/spring-core-4.3.13.RELEASE.jar:/Users/philippebrossier/.gradle/caches/modules-2/files-2.1/commons-io/commons-io/1.3.2/b6dde38349ba9bb5e6ea6320531eae969985dae5/commons-io-1.3.2.jar:/Users/philippebrossier/.gradle/caches/modules-2/files-2.1/org.yaml/snakeyaml/1.17/7a27ea250c5130b2922b86dea63cbb1cc10a660c/snakeyaml-1.17.jar:/Users/philippebrossier/.gradle/caches/modules-2/files-2.1/javax.validation/validation-api/1.1.0.Final/8613ae82954779d518631e05daa73a6a954817d5/validation-api-1.1.0.Final.jar:/Users/philippebrossier/.gradle/caches/modules-2/files-2.1/org.jboss.logging/jboss-logging/3.3.1.Final/c46217ab74b532568c0ed31dc599db3048bd1b67/jboss-logging-3.3.1.Final.jar:/Users/philippebrossier/.gradle/caches/modules-2/files-2.1/com.fasterxml/classmate/1.3.4/3d5f48f10bbe4eb7bd862f10c0583be2e0053c6/classmate-1.3.4.jar:/Users/philippebrossier/.gradle/caches/modules-2/files-2.1/com.fasterxml.jackson.core/jackson-annotations/2.8.0/45b426f7796b741035581a176744d91090e2e6fb/jackson-annotations-2.8.0.jar:/Users/philippebrossier/.gradle/caches/modules-2/files-2.1/com.fasterxml.jackson.core/jackson-core/2.8.10/eb21a035c66ad307e66ec8fce37f5d50fd62d039/jackson-core-2.8.10.jar:/Users/philippebrossier/.gradle/caches/modules-2/files-2.1/org.eclipse.jetty/jetty-continuation/9.4.7.v20170914/6b2aaa9da3e11e0f12bba9a80e74a389ab0d045e/jetty-continuation-9.4.7.v20170914.jar:/Users/philippebrossier/.gradle/caches/modules-2/files-2.1/org.eclipse.jetty.websocket/javax-websocket-client-impl/9.4.7.v20170914/94e54b803406f711e2f9636dd658e497e2ca9e67/javax-websocket-client-impl-9.4.7.v20170914.jar:/Users/philippebrossier/.gradle/caches/modules-2/files-2.1/org.eclipse.jetty.websocket/websocket-client/9.4.7.v20170914/693b3492e04b78757d88544f321076265909a503/websocket-client-9.4.7.v20170914.jar:/Users/philippebrossier/.gradle/caches/modules-2/files-2.1/org.eclipse.jetty/jetty-client/9.4.7.v20170914/b1026e2f37cfaf626b7c42c05ce1ec83cd6609ec/jetty-client-9.4.7.v20170914.jar:/Users/philippebrossier/.gradle/caches/modules-2/files-2.1/org.eclipse.jetty/jetty-servlet/9.4.7.v20170914/980023d7ac2504839f89f337de76c345b21808a1/jetty-servlet-9.4.7.v20170914.jar:/Users/philippebrossier/.gradle/caches/modules-2/files-2.1/org.eclipse.jetty/jetty-security/9.4.7.v20170914/5119551fb6f19c556ea40588ab4c8f11967796ad/jetty-security-9.4.7.v20170914.jar:/Users/philippebrossier/.gradle/caches/modules-2/files-2.1/org.eclipse.jetty/jetty-server/9.4.7.v20170914/886adb1b347f42698ea5482e600033428ad32afb/jetty-server-9.4.7.v20170914.jar:/Users/philippebrossier/.gradle/caches/modules-2/files-2.1/org.eclipse.jetty/jetty-http/9.4.7.v20170914/44a0adb69ff6131129df34d43b28e196c8ce0a90/jetty-http-9.4.7.v20170914.jar:/Users/philippebrossier/.gradle/caches/modules-2/files-2.1/org.eclipse.jetty.websocket/websocket-common/9.4.7.v20170914/47d18802581af0a1c458f7074a47e6e07ee864a0/websocket-common-9.4.7.v20170914.jar:/Users/philippebrossier/.gradle/caches/modules-2/files-2.1/org.eclipse.jetty/jetty-io/9.4.7.v20170914/a51742105ec2665f5ad80c17c784b388cb855329/jetty-io-9.4.7.v20170914.jar:/Users/philippebrossier/.gradle/caches/modules-2/files-2.1/org.eclipse.jetty/jetty-xml/9.4.7.v20170914/203e38c00bba11bcb72b41c8d7a1714df61f31e5/jetty-xml-9.4.7.v20170914.jar:/Users/philippebrossier/.gradle/caches/modules-2/files-2.1/org.eclipse.jetty/jetty-util/9.4.7.v20170914/771efdf5983c174d6d9c58892108c1c2d018404a/jetty-util-9.4.7.v20170914.jar:/Users/philippebrossier/.gradle/caches/modules-2/files-2.1/org.eclipse.jetty.websocket/websocket-servlet/9.4.7.v20170914/a75e6706b6af7a87bd3edebbddc45e6cb525f321/websocket-servlet-9.4.7.v20170914.jar:/Users/philippebrossier/.gradle/caches/modules-2/files-2.1/javax.websocket/javax.websocket-api/1.0/fc843b649d4a1dcb0497669d262befa3918c7ba8/javax.websocket-api-1.0.jar:/Users/philippebrossier/.gradle/caches/modules-2/files-2.1/org.codehaus.janino/commons-compiler/2.7.8/fe224c801f296af125316178300dfc633675a8ff/commons-compiler-2.7.8.jar:/Users/philippebrossier/.gradle/caches/modules-2/files-2.1/net.minidev/json-smart/2.2.1/5b9e5df7a62d1279b70dc882b041d249c4f0b002/json-smart-2.2.1.jar:/Users/philippebrossier/.gradle/caches/modules-2/files-2.1/org.objenesis/objenesis/2.1/87c0ea803b69252868d09308b4618f766f135a96/objenesis-2.1.jar:/Users/philippebrossier/.gradle/caches/modules-2/files-2.1/com.vaadin.external.google/android-json/0.0.20131108.vaadin1/fa26d351fe62a6a17f5cda1287c1c6110dec413f/android-json-0.0.20131108.vaadin1.jar:/Users/philippebrossier/.gradle/caches/modules-2/files-2.1/org.eclipse.jetty.websocket/websocket-api/9.4.7.v20170914/aa7717f73a613c338bda18bfa5b7bd8b6917330/websocket-api-9.4.7.v20170914.jar:/Users/philippebrossier/.gradle/caches/modules-2/files-2.1/javax.servlet/javax.servlet-api/3.1.0/3cd63d075497751784b2fa84be59432f4905bf7c/javax.servlet-api-3.1.0.jar:/Users/philippebrossier/.gradle/caches/modules-2/files-2.1/javax.annotation/javax.annotation-api/1.2/479c1e06db31c432330183f5cae684163f186146/javax.annotation-api-1.2.jar:/Users/philippebrossier/.gradle/caches/modules-2/files-2.1/net.minidev/accessors-smart/1.1/a527213f2fea112a04c9bdf0ec0264e34104cd08/accessors-smart-1.1.jar:/Users/philippebrossier/.gradle/caches/modules-2/files-2.1/org.ow2.asm/asm-commons/5.1/25d8a575034dd9cfcb375a39b5334f0ba9c8474e/asm-commons-5.1.jar:/Users/philippebrossier/.gradle/caches/modules-2/files-2.1/org.ow2.asm/asm-tree/5.1/87b38c12a0ea645791ead9d3e74ae5268d1d6c34/asm-tree-5.1.jar:/Users/philippebrossier/.gradle/caches/modules-2/files-2.1/org.ow2.asm/asm/5.1/5ef31c4fe953b1fd00b8a88fa1d6820e8785bb45/asm-5.1.jar:/Users/philippebrossier/.gradle/caches/modules-2/files-2.1/ch.qos.logback/logback-core/1.1.11/88b8df40340eed549fb07e2613879bf6b006704d/logback-core-1.1.11.jar, user.name=philippebrossier, java.vm.specification.version=1.8, sun.java.command=worker.org.gradle.process.internal.worker.GradleWorkerMain 'Gradle Test Executor 5', java.home=/Library/Java/JavaVirtualMachines/jdk1.8.0_121.jdk/Contents/Home/jre, sun.arch.data.model=64, user.language=en, java.specification.vendor=Oracle Corporation, awt.toolkit=sun.lwawt.macosx.LWCToolkit, java.vm.info=mixed mode, java.version=1.8.0_121, java.ext.dirs=/Users/philippebrossier/Library/Java/Extensions:/Library/Java/JavaVirtualMachines/jdk1.8.0_121.jdk/Contents/Home/jre/lib/ext:/Library/Java/Extensions:/Network/Library/Java/Extensions:/System/Library/Java/Extensions:/usr/lib/java, sun.boot.class.path=/Library/Java/JavaVirtualMachines/jdk1.8.0_121.jdk/Contents/Home/jre/lib/resources.jar:/Library/Java/JavaVirtualMachines/jdk1.8.0_121.jdk/Contents/Home/jre/lib/rt.jar:/Library/Java/JavaVirtualMachines/jdk1.8.0_121.jdk/Contents/Home/jre/lib/sunrsasign.jar:/Library/Java/JavaVirtualMachines/jdk1.8.0_121.jdk/Contents/Home/jre/lib/jsse.jar:/Library/Java/JavaVirtualMachines/jdk1.8.0_121.jdk/Contents/Home/jre/lib/jce.jar:/Library/Java/JavaVirtualMachines/jdk1.8.0_121.jdk/Contents/Home/jre/lib/charsets.jar:/Library/Java/JavaVirtualMachines/jdk1.8.0_121.jdk/Contents/Home/jre/lib/jfr.jar:/Library/Java/JavaVirtualMachines/jdk1.8.0_121.jdk/Contents/Home/jre/classes, java.vendor=Oracle Corporation, org.gradle.test.worker=5, file.separator=/, java.vendor.url.bug=http://bugreport.sun.com/bugreport/, sun.io.unicode.encoding=UnicodeBig, sun.cpu.endian=little, socksNonProxyHosts=local|*.local|169.254/16|*.169.254/16, ftp.nonProxyHosts=local|*.local|169.254/16|*.169.254/16, sun.cpu.isalist=}}, SystemEnvironmentPropertySource@656980792 {name='systemEnvironment', properties={PATH=/usr/local/bin:/usr/bin:/bin:/usr/sbin:/sbin:/Users/philippebrossier/devtools/apache-maven-3.5.0/bin:/Users/philippebrossier/devtools/gradle/gradle-4.4.1/bin, JAVA_ARCH=x86_64, TERM=xterm-256color, LANG=en_GB.UTF-8, GRADLE_HOME=/Users/philippebrossier/devtools/gradle/gradle-4.4.1, LOGNAME=philippebrossier, PWD=/Users/philippebrossier/code_perso/gradleAndBoot, TERM_PROGRAM_VERSION=361.1, XPC_SERVICE_NAME=0, SHELL=/bin/bash, APP_ICON_53072=/Users/philippebrossier/code_perso/gradleAndBoot/media/gradle.icns, TERM_PROGRAM=Apple_Terminal, JAVA_MAIN_CLASS_53094=worker.org.gradle.process.internal.worker.GradleWorkerMain, JAVA_MAIN_CLASS_53072=org.gradle.wrapper.GradleWrapperMain, OLDPWD=/Users/philippebrossier/code_perso/gradleAndBoot, SECURITYSESSIONID=186a8, USER=philippebrossier, TMPDIR=/var/folders/8z/889fb7_14_7358sg1g51dp2m0000gp/T/, SSH_AUTH_SOCK=/private/tmp/com.apple.launchd.lBSkvgi4WB/Listeners, XPC_FLAGS=0x0, TERM_SESSION_ID=78BEA3BB-C86D-428E-A88A-EC64F8E79740, M2_HOME=/Users/philippebrossier/devtools/apache-maven-3.5.0, __CF_USER_TEXT_ENCODING=0x1F6:0x0:0x0, Apple_PubSub_Socket_Render=/private/tmp/com.apple.launchd.FxZyjvR0D5/Render, com.apple.java.jvmTask=CommandLine, APP_NAME_53072=Gradle, SHLVL=1, HOME=/Users/philippebrossier}}]
17:15:23.392 [Test worker] DEBUG org.springframework.core.io.support.PathMatchingResourcePatternResolver - Resolved classpath location [com/example/gradleAndBoot/endpoint/] to resources [URL [file:/Users/philippebrossier/code_perso/gradleAndBoot/build/classes/java/test/com/example/gradleAndBoot/endpoint/], URL [file:/Users/philippebrossier/code_perso/gradleAndBoot/build/resources/test/com/example/gradleAndBoot/endpoint/], URL [file:/Users/philippebrossier/code_perso/gradleAndBoot/build/classes/java/main/com/example/gradleAndBoot/endpoint/]]
17:15:23.393 [Test worker] DEBUG org.springframework.core.io.support.PathMatchingResourcePatternResolver - Looking for matching resources in directory tree [/Users/philippebrossier/code_perso/gradleAndBoot/build/classes/java/test/com/example/gradleAndBoot/endpoint]
17:15:23.393 [Test worker] DEBUG org.springframework.core.io.support.PathMatchingResourcePatternResolver - Searching directory [/Users/philippebrossier/code_perso/gradleAndBoot/build/classes/java/test/com/example/gradleAndBoot/endpoint] for files matching pattern [/Users/philippebrossier/code_perso/gradleAndBoot/build/classes/java/test/com/example/gradleAndBoot/endpoint/*.class]
17:15:23.396 [Test worker] DEBUG org.springframework.core.io.support.PathMatchingResourcePatternResolver - Looking for matching resources in directory tree [/Users/philippebrossier/code_perso/gradleAndBoot/build/resources/test/com/example/gradleAndBoot/endpoint]
17:15:23.396 [Test worker] DEBUG org.springframework.core.io.support.PathMatchingResourcePatternResolver - Searching directory [/Users/philippebrossier/code_perso/gradleAndBoot/build/resources/test/com/example/gradleAndBoot/endpoint] for files matching pattern [/Users/philippebrossier/code_perso/gradleAndBoot/build/resources/test/com/example/gradleAndBoot/endpoint/*.class]
17:15:23.397 [Test worker] DEBUG org.springframework.core.io.support.PathMatchingResourcePatternResolver - Looking for matching resources in directory tree [/Users/philippebrossier/code_perso/gradleAndBoot/build/classes/java/main/com/example/gradleAndBoot/endpoint]
17:15:23.397 [Test worker] DEBUG org.springframework.core.io.support.PathMatchingResourcePatternResolver - Searching directory [/Users/philippebrossier/code_perso/gradleAndBoot/build/classes/java/main/com/example/gradleAndBoot/endpoint] for files matching pattern [/Users/philippebrossier/code_perso/gradleAndBoot/build/classes/java/main/com/example/gradleAndBoot/endpoint/*.class]
17:15:23.398 [Test worker] DEBUG org.springframework.core.io.support.PathMatchingResourcePatternResolver - Resolved location pattern [classpath*:com/example/gradleAndBoot/endpoint/*.class] to resources [file [/Users/philippebrossier/code_perso/gradleAndBoot/build/classes/java/test/com/example/gradleAndBoot/endpoint/TestingControllerIntegrationTest.class], file [/Users/philippebrossier/code_perso/gradleAndBoot/build/classes/java/test/com/example/gradleAndBoot/endpoint/TestingControllerUnitTest.class], file [/Users/philippebrossier/code_perso/gradleAndBoot/build/classes/java/main/com/example/gradleAndBoot/endpoint/TestingController.class]]
17:15:23.424 [Test worker] DEBUG org.springframework.core.io.support.PathMatchingResourcePatternResolver - Resolved classpath location [com/example/gradleAndBoot/] to resources [URL [file:/Users/philippebrossier/code_perso/gradleAndBoot/build/classes/java/test/com/example/gradleAndBoot/], URL [file:/Users/philippebrossier/code_perso/gradleAndBoot/build/resources/test/com/example/gradleAndBoot/], URL [file:/Users/philippebrossier/code_perso/gradleAndBoot/build/classes/java/main/com/example/gradleAndBoot/]]
17:15:23.424 [Test worker] DEBUG org.springframework.core.io.support.PathMatchingResourcePatternResolver - Looking for matching resources in directory tree [/Users/philippebrossier/code_perso/gradleAndBoot/build/classes/java/test/com/example/gradleAndBoot]
17:15:23.424 [Test worker] DEBUG org.springframework.core.io.support.PathMatchingResourcePatternResolver - Searching directory [/Users/philippebrossier/code_perso/gradleAndBoot/build/classes/java/test/com/example/gradleAndBoot] for files matching pattern [/Users/philippebrossier/code_perso/gradleAndBoot/build/classes/java/test/com/example/gradleAndBoot/*.class]
17:15:23.425 [Test worker] DEBUG org.springframework.core.io.support.PathMatchingResourcePatternResolver - Looking for matching resources in directory tree [/Users/philippebrossier/code_perso/gradleAndBoot/build/resources/test/com/example/gradleAndBoot]
17:15:23.425 [Test worker] DEBUG org.springframework.core.io.support.PathMatchingResourcePatternResolver - Searching directory [/Users/philippebrossier/code_perso/gradleAndBoot/build/resources/test/com/example/gradleAndBoot] for files matching pattern [/Users/philippebrossier/code_perso/gradleAndBoot/build/resources/test/com/example/gradleAndBoot/*.class]
17:15:23.426 [Test worker] DEBUG org.springframework.core.io.support.PathMatchingResourcePatternResolver - Looking for matching resources in directory tree [/Users/philippebrossier/code_perso/gradleAndBoot/build/classes/java/main/com/example/gradleAndBoot]
17:15:23.427 [Test worker] DEBUG org.springframework.core.io.support.PathMatchingResourcePatternResolver - Searching directory [/Users/philippebrossier/code_perso/gradleAndBoot/build/classes/java/main/com/example/gradleAndBoot] for files matching pattern [/Users/philippebrossier/code_perso/gradleAndBoot/build/classes/java/main/com/example/gradleAndBoot/*.class]
17:15:23.428 [Test worker] DEBUG org.springframework.core.io.support.PathMatchingResourcePatternResolver - Resolved location pattern [classpath*:com/example/gradleAndBoot/*.class] to resources [file [/Users/philippebrossier/code_perso/gradleAndBoot/build/classes/java/main/com/example/gradleAndBoot/BeanMapper.class], file [/Users/philippebrossier/code_perso/gradleAndBoot/build/classes/java/main/com/example/gradleAndBoot/GradleAndBootApplication.class]]
17:15:23.465 [Test worker] DEBUG org.springframework.context.annotation.ClassPathScanningCandidateComponentProvider - Identified candidate component class: file [/Users/philippebrossier/code_perso/gradleAndBoot/build/classes/java/main/com/example/gradleAndBoot/GradleAndBootApplication.class]
17:15:23.466 [Test worker] INFO org.springframework.boot.test.context.SpringBootTestContextBootstrapper - Found @SpringBootConfiguration com.example.gradleAndBoot.GradleAndBootApplication for test class com.example.gradleAndBoot.endpoint.TestingControllerIntegrationTest
17:15:23.469 [Test worker] DEBUG org.springframework.boot.test.context.SpringBootTestContextBootstrapper - @TestExecutionListeners is not present for class [com.example.gradleAndBoot.endpoint.TestingControllerIntegrationTest]: using defaults.
17:15:23.475 [Test worker] INFO org.springframework.boot.test.context.SpringBootTestContextBootstrapper - Loaded default TestExecutionListener class names from location [META-INF/spring.factories]: [org.springframework.boot.test.autoconfigure.restdocs.RestDocsTestExecutionListener, org.springframework.boot.test.autoconfigure.web.client.MockRestServiceServerResetTestExecutionListener, org.springframework.boot.test.autoconfigure.web.servlet.MockMvcPrintOnlyOnFailureTestExecutionListener, org.springframework.boot.test.autoconfigure.web.servlet.WebDriverTestExecutionListener, org.springframework.boot.test.mock.mockito.MockitoTestExecutionListener, org.springframework.boot.test.mock.mockito.ResetMocksTestExecutionListener, org.springframework.test.context.web.ServletTestExecutionListener, org.springframework.test.context.support.DirtiesContextBeforeModesTestExecutionListener, org.springframework.test.context.support.DependencyInjectionTestExecutionListener, org.springframework.test.context.support.DirtiesContextTestExecutionListener, org.springframework.test.context.transaction.TransactionalTestExecutionListener, org.springframework.test.context.jdbc.SqlScriptsTestExecutionListener]
17:15:23.489 [Test worker] INFO org.springframework.boot.test.context.SpringBootTestContextBootstrapper - Could not instantiate TestExecutionListener [org.springframework.test.context.transaction.TransactionalTestExecutionListener]. Specify custom listener classes or make the default listener classes (and their required dependencies) available. Offending class: [org/springframework/transaction/interceptor/TransactionAttributeSource]
17:15:23.490 [Test worker] INFO org.springframework.boot.test.context.SpringBootTestContextBootstrapper - Could not instantiate TestExecutionListener [org.springframework.test.context.jdbc.SqlScriptsTestExecutionListener]. Specify custom listener classes or make the default listener classes (and their required dependencies) available. Offending class: [org/springframework/transaction/interceptor/TransactionAttribute]
17:15:23.495 [Test worker] INFO org.springframework.boot.test.context.SpringBootTestContextBootstrapper - Using TestExecutionListeners: [org.springframework.test.context.web.ServletTestExecutionListener@18d45e6, org.springframework.test.context.support.DirtiesContextBeforeModesTestExecutionListener@2527f823, org.springframework.boot.test.autoconfigure.SpringBootDependencyInjectionTestExecutionListener@74621316, org.springframework.test.context.support.DirtiesContextTestExecutionListener@5c878161, org.springframework.boot.test.mock.mockito.ResetMocksTestExecutionListener@37ce4d62, org.springframework.boot.test.autoconfigure.web.servlet.WebDriverTestExecutionListener@2db24d58, org.springframework.boot.test.autoconfigure.web.servlet.MockMvcPrintOnlyOnFailureTestExecutionListener@49ac015b, org.springframework.boot.test.autoconfigure.web.client.MockRestServiceServerResetTestExecutionListener@29c00d86, org.springframework.boot.test.mock.mockito.MockitoTestExecutionListener@6c20e081, org.springframework.boot.test.autoconfigure.restdocs.RestDocsTestExecutionListener@53c7a8d0]
17:15:23.498 [Test worker] DEBUG org.springframework.test.annotation.ProfileValueUtils - Retrieved @ProfileValueSourceConfiguration [null] for test class [com.example.gradleAndBoot.endpoint.TestingControllerIntegrationTest]
17:15:23.499 [Test worker] DEBUG org.springframework.test.annotation.ProfileValueUtils - Retrieved ProfileValueSource type [class org.springframework.test.annotation.SystemProfileValueSource] for class [com.example.gradleAndBoot.endpoint.TestingControllerIntegrationTest]
17:15:23.500 [Test worker] DEBUG org.springframework.test.annotation.ProfileValueUtils - Retrieved @ProfileValueSourceConfiguration [null] for test class [com.example.gradleAndBoot.endpoint.TestingControllerIntegrationTest]
17:15:23.500 [Test worker] DEBUG org.springframework.test.annotation.ProfileValueUtils - Retrieved ProfileValueSource type [class org.springframework.test.annotation.SystemProfileValueSource] for class [com.example.gradleAndBoot.endpoint.TestingControllerIntegrationTest]
17:15:23.503 [Test worker] DEBUG org.springframework.test.context.support.AbstractDirtiesContextTestExecutionListener - Before test class: context [DefaultTestContext@679955dd testClass = TestingControllerIntegrationTest, testInstance = [null], testMethod = [null], testException = [null], mergedContextConfiguration = [WebMergedContextConfiguration@6b3ab6c8 testClass = TestingControllerIntegrationTest, locations = '{}', classes = '{class com.example.gradleAndBoot.GradleAndBootApplication}', contextInitializerClasses = '[]', activeProfiles = '{}', propertySourceLocations = '{}', propertySourceProperties = '{org.springframework.boot.test.context.SpringBootTestContextBootstrapper=true, server.port=0}', contextCustomizers = set[org.springframework.boot.test.autoconfigure.properties.PropertyMappingContextCustomizer@0, org.springframework.boot.test.autoconfigure.web.servlet.WebDriverContextCustomizerFactory$Customizer@2c46d609, org.springframework.boot.test.context.SpringBootTestContextCustomizer@7d2d411f, org.springframework.boot.test.context.filter.ExcludeFilterContextCustomizer@75a227b, org.springframework.boot.test.json.DuplicateJsonObjectContextCustomizerFactory$DuplicateJsonObjectContextCustomizer@1dc99d80, org.springframework.boot.test.mock.mockito.MockitoContextCustomizer@7c599980], resourceBasePath = 'src/main/webapp', contextLoader = 'org.springframework.boot.test.context.SpringBootContextLoader', parent = [null]]], class annotated with @DirtiesContext [false] with mode [null].
17:15:23.504 [Test worker] DEBUG org.springframework.test.annotation.ProfileValueUtils - Retrieved @ProfileValueSourceConfiguration [null] for test class [com.example.gradleAndBoot.endpoint.TestingControllerIntegrationTest]
17:15:23.504 [Test worker] DEBUG org.springframework.test.annotation.ProfileValueUtils - Retrieved ProfileValueSource type [class org.springframework.test.annotation.SystemProfileValueSource] for class [com.example.gradleAndBoot.endpoint.TestingControllerIntegrationTest]
17:15:23.505 [Test worker] DEBUG org.springframework.test.context.support.DependencyInjectionTestExecutionListener - Performing dependency injection for test context [[DefaultTestContext@679955dd testClass = TestingControllerIntegrationTest, testInstance = com.example.gradleAndBoot.endpoint.TestingControllerIntegrationTest@6407974b, testMethod = [null], testException = [null], mergedContextConfiguration = [WebMergedContextConfiguration@6b3ab6c8 testClass = TestingControllerIntegrationTest, locations = '{}', classes = '{class com.example.gradleAndBoot.GradleAndBootApplication}', contextInitializerClasses = '[]', activeProfiles = '{}', propertySourceLocations = '{}', propertySourceProperties = '{org.springframework.boot.test.context.SpringBootTestContextBootstrapper=true, server.port=0}', contextCustomizers = set[org.springframework.boot.test.autoconfigure.properties.PropertyMappingContextCustomizer@0, org.springframework.boot.test.autoconfigure.web.servlet.WebDriverContextCustomizerFactory$Customizer@2c46d609, org.springframework.boot.test.context.SpringBootTestContextCustomizer@7d2d411f, org.springframework.boot.test.context.filter.ExcludeFilterContextCustomizer@75a227b, org.springframework.boot.test.json.DuplicateJsonObjectContextCustomizerFactory$DuplicateJsonObjectContextCustomizer@1dc99d80, org.springframework.boot.test.mock.mockito.MockitoContextCustomizer@7c599980], resourceBasePath = 'src/main/webapp', contextLoader = 'org.springframework.boot.test.context.SpringBootContextLoader', parent = [null]]]].
17:15:23.573 [Test worker] DEBUG org.springframework.core.env.StandardEnvironment - Adding PropertySource 'systemProperties' with lowest search precedence
17:15:23.573 [Test worker] DEBUG org.springframework.core.env.StandardEnvironment - Adding PropertySource 'systemEnvironment' with lowest search precedence
17:15:23.574 [Test worker] DEBUG org.springframework.core.env.StandardEnvironment - Initialized StandardEnvironment with PropertySources [MapPropertySource@493075509 {name='systemProperties', properties={java.runtime.name=Java(TM) SE Runtime Environment, sun.boot.library.path=/Library/Java/JavaVirtualMachines/jdk1.8.0_121.jdk/Contents/Home/jre/lib, java.vm.version=25.121-b13, gopherProxySet=false, java.vm.vendor=Oracle Corporation, java.vendor.url=http://java.oracle.com/, path.separator=:, java.vm.name=Java HotSpot(TM) 64-Bit Server VM, file.encoding.pkg=sun.io, sun.java.launcher=SUN_STANDARD, user.country=US, sun.os.patch.level=unknown, java.vm.specification.name=Java Virtual Machine Specification, user.dir=/Users/philippebrossier/code_perso/gradleAndBoot, java.runtime.version=1.8.0_121-b13, java.awt.graphicsenv=sun.awt.CGraphicsEnvironment, java.endorsed.dirs=/Library/Java/JavaVirtualMachines/jdk1.8.0_121.jdk/Contents/Home/jre/lib/endorsed, os.arch=x86_64, java.io.tmpdir=/var/folders/8z/889fb7_14_7358sg1g51dp2m0000gp/T/, line.separator=
, java.vm.specification.vendor=Oracle Corporation, user.variant=, os.name=Mac OS X, sun.jnu.encoding=UTF-8, java.library.path=/Users/philippebrossier/Library/Java/Extensions:/Library/Java/Extensions:/Network/Library/Java/Extensions:/System/Library/Java/Extensions:/usr/lib/java:., java.specification.name=Java Platform API Specification, java.class.version=52.0, org.gradle.native=false, sun.management.compiler=HotSpot 64-Bit Tiered Compilers, os.version=10.11.6, http.nonProxyHosts=local|*.local|169.254/16|*.169.254/16, user.home=/Users/philippebrossier, user.timezone=Europe/London, java.awt.printerjob=sun.lwawt.macosx.CPrinterJob, file.encoding=UTF-8, java.specification.version=1.8, java.class.path=/Users/philippebrossier/code_perso/gradleAndBoot/build/classes/java/test:/Users/philippebrossier/code_perso/gradleAndBoot/build/resources/test:/Users/philippebrossier/code_perso/gradleAndBoot/build/classes/java/main:/Users/philippebrossier/code_perso/gradleAndBoot/build/resources/main:/Users/philippebrossier/.gradle/caches/modules-2/files-2.1/org.springframework.boot/spring-boot-starter-web/1.5.9.RELEASE/bda9733d5e6ba6d1a97deead1738713dc0631b3e/spring-boot-starter-web-1.5.9.RELEASE.jar:/Users/philippebrossier/.gradle/caches/modules-2/files-2.1/org.springframework.boot/spring-boot-starter-jetty/1.5.9.RELEASE/4e4b62d65f1007235b3a9c32403dd610dfe5592/spring-boot-starter-jetty-1.5.9.RELEASE.jar:/Users/philippebrossier/.gradle/caches/modules-2/files-2.1/org.springframework.boot/spring-boot-starter-actuator/1.5.9.RELEASE/5fcdcdef573e55e5dba9b499e3f5582f6b3c3fbe/spring-boot-starter-actuator-1.5.9.RELEASE.jar:/Users/philippebrossier/.gradle/caches/modules-2/files-2.1/org.projectlombok/lombok/1.16.18/557d13dcb647038dc687390711ccb5c9b3ffbd60/lombok-1.16.18.jar:/Users/philippebrossier/.gradle/caches/modules-2/files-2.1/ma.glasnost.orika/orika-core/1.5.2/ec930d88c9bdbddcba9ea91c5eb6ba9ec2863af7/orika-core-1.5.2.jar:/Users/philippebrossier/.gradle/caches/modules-2/files-2.1/org.springframework.boot/spring-boot-starter-test/1.5.9.RELEASE/b5adf6fbf53be00b7ae52f657d564122edbe5156/spring-boot-starter-test-1.5.9.RELEASE.jar:/Users/philippebrossier/.gradle/caches/modules-2/files-2.1/org.springframework.boot/spring-boot-starter/1.5.9.RELEASE/6bfb34db2715ee86c6e2337fa145650588b4b1b3/spring-boot-starter-1.5.9.RELEASE.jar:/Users/philippebrossier/.gradle/caches/modules-2/files-2.1/org.hibernate/hibernate-validator/5.3.6.Final/4c730be8bf55a8e9a61e79a2f2c079abf48b718/hibernate-validator-5.3.6.Final.jar:/Users/philippebrossier/.gradle/caches/modules-2/files-2.1/org.springframework.boot/spring-boot-actuator/1.5.9.RELEASE/c4aaf71a1298c1bde690fcf75df39036745396c6/spring-boot-actuator-1.5.9.RELEASE.jar:/Users/philippebrossier/.gradle/caches/modules-2/files-2.1/com.fasterxml.jackson.core/jackson-databind/2.8.10/f7b83cb2bc4b88d53961e749e1ad32f49ef017b7/jackson-databind-2.8.10.jar:/Users/philippebrossier/.gradle/caches/modules-2/files-2.1/org.springframework/spring-webmvc/4.3.13.RELEASE/87a095c7a1d13fe433ae6712787238c1dbaa6919/spring-webmvc-4.3.13.RELEASE.jar:/Users/philippebrossier/.gradle/caches/modules-2/files-2.1/org.springframework/spring-web/4.3.13.RELEASE/7cd084992d546165ede3e99bc31ee49c937f0ce7/spring-web-4.3.13.RELEASE.jar:/Users/philippebrossier/.gradle/caches/modules-2/files-2.1/org.eclipse.jetty/jetty-servlets/9.4.7.v20170914/a0b1f50faf6ea178e4e1b46072794ebbb4c682e9/jetty-servlets-9.4.7.v20170914.jar:/Users/philippebrossier/.gradle/caches/modules-2/files-2.1/org.eclipse.jetty.websocket/javax-websocket-server-impl/9.4.7.v20170914/45e2d7106f87f7950928447b7124e07e68b3f9a3/javax-websocket-server-impl-9.4.7.v20170914.jar:/Users/philippebrossier/.gradle/caches/modules-2/files-2.1/org.eclipse.jetty/jetty-annotations/9.4.7.v20170914/fb2649517a94753465c9dfa05965a5caf471ffcf/jetty-annotations-9.4.7.v20170914.jar:/Users/philippebrossier/.gradle/caches/modules-2/files-2.1/org.eclipse.jetty/jetty-plus/9.4.7.v20170914/862942bedb3d071e475770494b017efc6efa5a4f/jetty-plus-9.4.7.v20170914.jar:/Users/philippebrossier/.gradle/caches/modules-2/files-2.1/org.eclipse.jetty/jetty-webapp/9.4.7.v20170914/cb3f5561ad15a750dcb0cfdcc2db6df141df74b2/jetty-webapp-9.4.7.v20170914.jar:/Users/philippebrossier/.gradle/caches/modules-2/files-2.1/org.eclipse.jetty.websocket/websocket-server/9.4.7.v20170914/560ebb2f187c0f61b07b24eb667f669941beff89/websocket-server-9.4.7.v20170914.jar:/Users/philippebrossier/.gradle/caches/modules-2/files-2.1/org.mortbay.jasper/apache-el/8.0.33/1b8fa2179b3937cada939317bb135815e79c0ac2/apache-el-8.0.33.jar:/Users/philippebrossier/.gradle/caches/modules-2/files-2.1/org.javassist/javassist/3.21.0-GA/598244f595db5c5fb713731eddbb1c91a58d959b/javassist-3.21.0-GA.jar:/Users/philippebrossier/.gradle/caches/modules-2/files-2.1/com.thoughtworks.paranamer/paranamer/2.8/619eba74c19ccf1da8ebec97a2d7f8ba05773dd6/paranamer-2.8.jar:/Users/philippebrossier/.gradle/caches/modules-2/files-2.1/com.jayway.jsonpath/json-path/2.2.0/22290d17944bd239fabf5ac69005a60a7ecbbbcb/json-path-2.2.0.jar:/Users/philippebrossier/.gradle/caches/modules-2/files-2.1/org.springframework.boot/spring-boot-starter-logging/1.5.9.RELEASE/30fd62a1ce9639759d90d49608501082314c1628/spring-boot-starter-logging-1.5.9.RELEASE.jar:/Users/philippebrossier/.gradle/caches/modules-2/files-2.1/ch.qos.logback/logback-classic/1.1.11/ccedfbacef4a6515d2983e3f89ed753d5d4fb665/logback-classic-1.1.11.jar:/Users/philippebrossier/.gradle/caches/modules-2/files-2.1/org.slf4j/jcl-over-slf4j/1.7.25/f8c32b13ff142a513eeb5b6330b1588dcb2c0461/jcl-over-slf4j-1.7.25.jar:/Users/philippebrossier/.gradle/caches/modules-2/files-2.1/org.slf4j/jul-to-slf4j/1.7.25/af5364cd6679bfffb114f0dec8a157aaa283b76/jul-to-slf4j-1.7.25.jar:/Users/philippebrossier/.gradle/caches/modules-2/files-2.1/org.slf4j/log4j-over-slf4j/1.7.25/a87bb47468f47ee7aabbd54f93e133d4215769c3/log4j-over-slf4j-1.7.25.jar:/Users/philippebrossier/.gradle/caches/modules-2/files-2.1/org.slf4j/slf4j-api/1.7.25/da76ca59f6a57ee3102f8f9bd9cee742973efa8a/slf4j-api-1.7.25.jar:/Users/philippebrossier/.gradle/caches/modules-2/files-2.1/com.googlecode.concurrentlinkedhashmap/concurrentlinkedhashmap-lru/1.4.2/2eaf3d3c9746d526ff7e5b93931d482c3887e6ac/concurrentlinkedhashmap-lru-1.4.2.jar:/Users/philippebrossier/.gradle/caches/modules-2/files-2.1/com.carrotsearch/java-sizeof/0.0.4/7a347178c4f234692088a1dff85d551ae28f5af9/java-sizeof-0.0.4.jar:/Users/philippebrossier/.gradle/caches/modules-2/files-2.1/org.codehaus.janino/janino/2.7.8/109852ba81725a1ca29cc9aa0688455bd7be4b0f/janino-2.7.8.jar:/Users/philippebrossier/.gradle/caches/modules-2/files-2.1/org.springframework.boot/spring-boot-test-autoconfigure/1.5.9.RELEASE/b428495e25b0531b2a977f51c5d29011c817b8ee/spring-boot-test-autoconfigure-1.5.9.RELEASE.jar:/Users/philippebrossier/.gradle/caches/modules-2/files-2.1/org.springframework.boot/spring-boot-test/1.5.9.RELEASE/7e604d56325f04a8b89a280e647746fc69e5a21f/spring-boot-test-1.5.9.RELEASE.jar:/Users/philippebrossier/.gradle/caches/modules-2/files-2.1/junit/junit/4.12/2973d150c0dc1fefe998f834810d68f278ea58ec/junit-4.12.jar:/Users/philippebrossier/.gradle/caches/modules-2/files-2.1/org.assertj/assertj-core/2.6.0/b532c3fc4f66bcfee4989a3514f1cd56203a33ad/assertj-core-2.6.0.jar:/Users/philippebrossier/.gradle/caches/modules-2/files-2.1/org.mockito/mockito-core/1.10.19/e8546f5bef4e061d8dd73895b4e8f40e3fe6effe/mockito-core-1.10.19.jar:/Users/philippebrossier/.gradle/caches/modules-2/files-2.1/org.hamcrest/hamcrest-library/1.3/4785a3c21320980282f9f33d0d1264a69040538f/hamcrest-library-1.3.jar:/Users/philippebrossier/.gradle/caches/modules-2/files-2.1/org.hamcrest/hamcrest-core/1.3/42a25dc3219429f0e5d060061f71acb49bf010a0/hamcrest-core-1.3.jar:/Users/philippebrossier/.gradle/caches/modules-2/files-2.1/org.skyscreamer/jsonassert/1.4.0/9cdbb373a06f6513e51e8c545ee6a5e981463edb/jsonassert-1.4.0.jar:/Users/philippebrossier/.gradle/caches/modules-2/files-2.1/org.springframework/spring-test/4.3.13.RELEASE/f4ff71b0d628d37f334d4f1f197c1b8cea364d01/spring-test-4.3.13.RELEASE.jar:/Users/philippebrossier/.gradle/caches/modules-2/files-2.1/org.springframework.boot/spring-boot-autoconfigure/1.5.9.RELEASE/88dd18bdaf317ae40971573a051fd47265f2ed39/spring-boot-autoconfigure-1.5.9.RELEASE.jar:/Users/philippebrossier/.gradle/caches/modules-2/files-2.1/org.springframework.boot/spring-boot/1.5.9.RELEASE/f472cdf948288796fb31e0bb03f6e7b022b763a0/spring-boot-1.5.9.RELEASE.jar:/Users/philippebrossier/.gradle/caches/modules-2/files-2.1/org.springframework/spring-context/4.3.13.RELEASE/6ab1c189a13182fa3256f6bbc68fafdaf8f5a19e/spring-context-4.3.13.RELEASE.jar:/Users/philippebrossier/.gradle/caches/modules-2/files-2.1/org.springframework/spring-expression/4.3.13.RELEASE/da22bf7df1262e429b49653be6cd5b89b6affe5e/spring-expression-4.3.13.RELEASE.jar:/Users/philippebrossier/.gradle/caches/modules-2/files-2.1/org.springframework/spring-aop/4.3.13.RELEASE/61f427b55951f59b50f3c2bd0de3c48960e2a342/spring-aop-4.3.13.RELEASE.jar:/Users/philippebrossier/.gradle/caches/modules-2/files-2.1/org.springframework/spring-beans/4.3.13.RELEASE/8613a7077722f1d97f8cb3fea4b0b40bfadf4496/spring-beans-4.3.13.RELEASE.jar:/Users/philippebrossier/.gradle/caches/modules-2/files-2.1/org.springframework/spring-core/4.3.13.RELEASE/eea18d7f4d01f1baa1b6728b678b5a6fe23c61f6/spring-core-4.3.13.RELEASE.jar:/Users/philippebrossier/.gradle/caches/modules-2/files-2.1/commons-io/commons-io/1.3.2/b6dde38349ba9bb5e6ea6320531eae969985dae5/commons-io-1.3.2.jar:/Users/philippebrossier/.gradle/caches/modules-2/files-2.1/org.yaml/snakeyaml/1.17/7a27ea250c5130b2922b86dea63cbb1cc10a660c/snakeyaml-1.17.jar:/Users/philippebrossier/.gradle/caches/modules-2/files-2.1/javax.validation/validation-api/1.1.0.Final/8613ae82954779d518631e05daa73a6a954817d5/validation-api-1.1.0.Final.jar:/Users/philippebrossier/.gradle/caches/modules-2/files-2.1/org.jboss.logging/jboss-logging/3.3.1.Final/c46217ab74b532568c0ed31dc599db3048bd1b67/jboss-logging-3.3.1.Final.jar:/Users/philippebrossier/.gradle/caches/modules-2/files-2.1/com.fasterxml/classmate/1.3.4/3d5f48f10bbe4eb7bd862f10c0583be2e0053c6/classmate-1.3.4.jar:/Users/philippebrossier/.gradle/caches/modules-2/files-2.1/com.fasterxml.jackson.core/jackson-annotations/2.8.0/45b426f7796b741035581a176744d91090e2e6fb/jackson-annotations-2.8.0.jar:/Users/philippebrossier/.gradle/caches/modules-2/files-2.1/com.fasterxml.jackson.core/jackson-core/2.8.10/eb21a035c66ad307e66ec8fce37f5d50fd62d039/jackson-core-2.8.10.jar:/Users/philippebrossier/.gradle/caches/modules-2/files-2.1/org.eclipse.jetty/jetty-continuation/9.4.7.v20170914/6b2aaa9da3e11e0f12bba9a80e74a389ab0d045e/jetty-continuation-9.4.7.v20170914.jar:/Users/philippebrossier/.gradle/caches/modules-2/files-2.1/org.eclipse.jetty.websocket/javax-websocket-client-impl/9.4.7.v20170914/94e54b803406f711e2f9636dd658e497e2ca9e67/javax-websocket-client-impl-9.4.7.v20170914.jar:/Users/philippebrossier/.gradle/caches/modules-2/files-2.1/org.eclipse.jetty.websocket/websocket-client/9.4.7.v20170914/693b3492e04b78757d88544f321076265909a503/websocket-client-9.4.7.v20170914.jar:/Users/philippebrossier/.gradle/caches/modules-2/files-2.1/org.eclipse.jetty/jetty-client/9.4.7.v20170914/b1026e2f37cfaf626b7c42c05ce1ec83cd6609ec/jetty-client-9.4.7.v20170914.jar:/Users/philippebrossier/.gradle/caches/modules-2/files-2.1/org.eclipse.jetty/jetty-servlet/9.4.7.v20170914/980023d7ac2504839f89f337de76c345b21808a1/jetty-servlet-9.4.7.v20170914.jar:/Users/philippebrossier/.gradle/caches/modules-2/files-2.1/org.eclipse.jetty/jetty-security/9.4.7.v20170914/5119551fb6f19c556ea40588ab4c8f11967796ad/jetty-security-9.4.7.v20170914.jar:/Users/philippebrossier/.gradle/caches/modules-2/files-2.1/org.eclipse.jetty/jetty-server/9.4.7.v20170914/886adb1b347f42698ea5482e600033428ad32afb/jetty-server-9.4.7.v20170914.jar:/Users/philippebrossier/.gradle/caches/modules-2/files-2.1/org.eclipse.jetty/jetty-http/9.4.7.v20170914/44a0adb69ff6131129df34d43b28e196c8ce0a90/jetty-http-9.4.7.v20170914.jar:/Users/philippebrossier/.gradle/caches/modules-2/files-2.1/org.eclipse.jetty.websocket/websocket-common/9.4.7.v20170914/47d18802581af0a1c458f7074a47e6e07ee864a0/websocket-common-9.4.7.v20170914.jar:/Users/philippebrossier/.gradle/caches/modules-2/files-2.1/org.eclipse.jetty/jetty-io/9.4.7.v20170914/a51742105ec2665f5ad80c17c784b388cb855329/jetty-io-9.4.7.v20170914.jar:/Users/philippebrossier/.gradle/caches/modules-2/files-2.1/org.eclipse.jetty/jetty-xml/9.4.7.v20170914/203e38c00bba11bcb72b41c8d7a1714df61f31e5/jetty-xml-9.4.7.v20170914.jar:/Users/philippebrossier/.gradle/caches/modules-2/files-2.1/org.eclipse.jetty/jetty-util/9.4.7.v20170914/771efdf5983c174d6d9c58892108c1c2d018404a/jetty-util-9.4.7.v20170914.jar:/Users/philippebrossier/.gradle/caches/modules-2/files-2.1/org.eclipse.jetty.websocket/websocket-servlet/9.4.7.v20170914/a75e6706b6af7a87bd3edebbddc45e6cb525f321/websocket-servlet-9.4.7.v20170914.jar:/Users/philippebrossier/.gradle/caches/modules-2/files-2.1/javax.websocket/javax.websocket-api/1.0/fc843b649d4a1dcb0497669d262befa3918c7ba8/javax.websocket-api-1.0.jar:/Users/philippebrossier/.gradle/caches/modules-2/files-2.1/org.codehaus.janino/commons-compiler/2.7.8/fe224c801f296af125316178300dfc633675a8ff/commons-compiler-2.7.8.jar:/Users/philippebrossier/.gradle/caches/modules-2/files-2.1/net.minidev/json-smart/2.2.1/5b9e5df7a62d1279b70dc882b041d249c4f0b002/json-smart-2.2.1.jar:/Users/philippebrossier/.gradle/caches/modules-2/files-2.1/org.objenesis/objenesis/2.1/87c0ea803b69252868d09308b4618f766f135a96/objenesis-2.1.jar:/Users/philippebrossier/.gradle/caches/modules-2/files-2.1/com.vaadin.external.google/android-json/0.0.20131108.vaadin1/fa26d351fe62a6a17f5cda1287c1c6110dec413f/android-json-0.0.20131108.vaadin1.jar:/Users/philippebrossier/.gradle/caches/modules-2/files-2.1/org.eclipse.jetty.websocket/websocket-api/9.4.7.v20170914/aa7717f73a613c338bda18bfa5b7bd8b6917330/websocket-api-9.4.7.v20170914.jar:/Users/philippebrossier/.gradle/caches/modules-2/files-2.1/javax.servlet/javax.servlet-api/3.1.0/3cd63d075497751784b2fa84be59432f4905bf7c/javax.servlet-api-3.1.0.jar:/Users/philippebrossier/.gradle/caches/modules-2/files-2.1/javax.annotation/javax.annotation-api/1.2/479c1e06db31c432330183f5cae684163f186146/javax.annotation-api-1.2.jar:/Users/philippebrossier/.gradle/caches/modules-2/files-2.1/net.minidev/accessors-smart/1.1/a527213f2fea112a04c9bdf0ec0264e34104cd08/accessors-smart-1.1.jar:/Users/philippebrossier/.gradle/caches/modules-2/files-2.1/org.ow2.asm/asm-commons/5.1/25d8a575034dd9cfcb375a39b5334f0ba9c8474e/asm-commons-5.1.jar:/Users/philippebrossier/.gradle/caches/modules-2/files-2.1/org.ow2.asm/asm-tree/5.1/87b38c12a0ea645791ead9d3e74ae5268d1d6c34/asm-tree-5.1.jar:/Users/philippebrossier/.gradle/caches/modules-2/files-2.1/org.ow2.asm/asm/5.1/5ef31c4fe953b1fd00b8a88fa1d6820e8785bb45/asm-5.1.jar:/Users/philippebrossier/.gradle/caches/modules-2/files-2.1/ch.qos.logback/logback-core/1.1.11/88b8df40340eed549fb07e2613879bf6b006704d/logback-core-1.1.11.jar, user.name=philippebrossier, java.vm.specification.version=1.8, sun.java.command=worker.org.gradle.process.internal.worker.GradleWorkerMain 'Gradle Test Executor 5', java.home=/Library/Java/JavaVirtualMachines/jdk1.8.0_121.jdk/Contents/Home/jre, sun.arch.data.model=64, user.language=en, java.specification.vendor=Oracle Corporation, awt.toolkit=sun.lwawt.macosx.LWCToolkit, java.vm.info=mixed mode, java.version=1.8.0_121, java.ext.dirs=/Users/philippebrossier/Library/Java/Extensions:/Library/Java/JavaVirtualMachines/jdk1.8.0_121.jdk/Contents/Home/jre/lib/ext:/Library/Java/Extensions:/Network/Library/Java/Extensions:/System/Library/Java/Extensions:/usr/lib/java, sun.boot.class.path=/Library/Java/JavaVirtualMachines/jdk1.8.0_121.jdk/Contents/Home/jre/lib/resources.jar:/Library/Java/JavaVirtualMachines/jdk1.8.0_121.jdk/Contents/Home/jre/lib/rt.jar:/Library/Java/JavaVirtualMachines/jdk1.8.0_121.jdk/Contents/Home/jre/lib/sunrsasign.jar:/Library/Java/JavaVirtualMachines/jdk1.8.0_121.jdk/Contents/Home/jre/lib/jsse.jar:/Library/Java/JavaVirtualMachines/jdk1.8.0_121.jdk/Contents/Home/jre/lib/jce.jar:/Library/Java/JavaVirtualMachines/jdk1.8.0_121.jdk/Contents/Home/jre/lib/charsets.jar:/Library/Java/JavaVirtualMachines/jdk1.8.0_121.jdk/Contents/Home/jre/lib/jfr.jar:/Library/Java/JavaVirtualMachines/jdk1.8.0_121.jdk/Contents/Home/jre/classes, java.vendor=Oracle Corporation, org.gradle.test.worker=5, file.separator=/, java.vendor.url.bug=http://bugreport.sun.com/bugreport/, sun.io.unicode.encoding=UnicodeBig, sun.cpu.endian=little, socksNonProxyHosts=local|*.local|169.254/16|*.169.254/16, ftp.nonProxyHosts=local|*.local|169.254/16|*.169.254/16, sun.cpu.isalist=}}, SystemEnvironmentPropertySource@590077886 {name='systemEnvironment', properties={PATH=/usr/local/bin:/usr/bin:/bin:/usr/sbin:/sbin:/Users/philippebrossier/devtools/apache-maven-3.5.0/bin:/Users/philippebrossier/devtools/gradle/gradle-4.4.1/bin, JAVA_ARCH=x86_64, TERM=xterm-256color, LANG=en_GB.UTF-8, GRADLE_HOME=/Users/philippebrossier/devtools/gradle/gradle-4.4.1, LOGNAME=philippebrossier, PWD=/Users/philippebrossier/code_perso/gradleAndBoot, TERM_PROGRAM_VERSION=361.1, XPC_SERVICE_NAME=0, SHELL=/bin/bash, APP_ICON_53072=/Users/philippebrossier/code_perso/gradleAndBoot/media/gradle.icns, TERM_PROGRAM=Apple_Terminal, JAVA_MAIN_CLASS_53094=worker.org.gradle.process.internal.worker.GradleWorkerMain, JAVA_MAIN_CLASS_53072=org.gradle.wrapper.GradleWrapperMain, OLDPWD=/Users/philippebrossier/code_perso/gradleAndBoot, SECURITYSESSIONID=186a8, USER=philippebrossier, TMPDIR=/var/folders/8z/889fb7_14_7358sg1g51dp2m0000gp/T/, SSH_AUTH_SOCK=/private/tmp/com.apple.launchd.lBSkvgi4WB/Listeners, XPC_FLAGS=0x0, TERM_SESSION_ID=78BEA3BB-C86D-428E-A88A-EC64F8E79740, M2_HOME=/Users/philippebrossier/devtools/apache-maven-3.5.0, __CF_USER_TEXT_ENCODING=0x1F6:0x0:0x0, Apple_PubSub_Socket_Render=/private/tmp/com.apple.launchd.FxZyjvR0D5/Render, com.apple.java.jvmTask=CommandLine, APP_NAME_53072=Gradle, SHLVL=1, HOME=/Users/philippebrossier}}]
17:15:23.586 [Test worker] DEBUG org.springframework.test.context.support.TestPropertySourceUtils - Adding inlined properties to environment: {spring.jmx.enabled=false, org.springframework.boot.test.context.SpringBootTestContextBootstrapper=true, server.port=0}
17:15:23.587 [Test worker] DEBUG org.springframework.core.env.StandardEnvironment - Adding PropertySource 'Inlined Test Properties' with highest search precedence

  .   ____          _            __ _ _
 /\\ / ___'_ __ _ _(_)_ __  __ _ \ \ \ \
( ( )\___ | '_ | '_| | '_ \/ _` | \ \ \ \
 \\/  ___)| |_)| | | | | || (_| |  ) ) ) )
  '  |____| .__|_| |_|_| |_\__, | / / / /
 =========|_|==============|___/=/_/_/_/
 :: Spring Boot ::        (v1.5.9.RELEASE)

2018-01-01 17:15:24.443  INFO 53094 --- [    Test worker] c.e.g.e.TestingControllerIntegrationTest : Starting TestingControllerIntegrationTest on Philippes-MBP.home with PID 53094 (started by philippebrossier in /Users/philippebrossier/code_perso/gradleAndBoot)
2018-01-01 17:15:24.446 DEBUG 53094 --- [    Test worker] c.e.g.e.TestingControllerIntegrationTest : Running with Spring Boot v1.5.9.RELEASE, Spring v4.3.13.RELEASE
2018-01-01 17:15:24.446  INFO 53094 --- [    Test worker] c.e.g.e.TestingControllerIntegrationTest : No active profile set, falling back to default profiles: default
2018-01-01 17:15:26.216  INFO 53094 --- [    Test worker] org.eclipse.jetty.util.log               : Logging initialized @3699ms to org.eclipse.jetty.util.log.Slf4jLog
2018-01-01 17:15:26.335  INFO 53094 --- [    Test worker] org.eclipse.jetty.server.Server          : jetty-9.4.7.v20170914
2018-01-01 17:15:26.532  INFO 53094 --- [    Test worker] org.eclipse.jetty.server.session         : DefaultSessionIdManager workerName=node0
2018-01-01 17:15:26.555  INFO 53094 --- [    Test worker] org.eclipse.jetty.server.session         : No SessionScavenger set, using defaults
2018-01-01 17:15:26.559  INFO 53094 --- [    Test worker] org.eclipse.jetty.server.session         : Scavenging every 600000ms
2018-01-01 17:15:26.570  INFO 53094 --- [    Test worker] o.e.j.s.h.ContextHandler.application     : Initializing Spring embedded WebApplicationContext
2018-01-01 17:15:26.836  INFO 53094 --- [    Test worker] o.e.jetty.server.handler.ContextHandler  : Started o.s.b.c.e.j.JettyEmbeddedWebAppContext@1481af9e{/,[file:///private/var/folders/8z/889fb7_14_7358sg1g51dp2m0000gp/T/jetty-docbase.4643925604487287958.0/],AVAILABLE}
2018-01-01 17:15:26.837  INFO 53094 --- [    Test worker] org.eclipse.jetty.server.Server          : Started @4321ms
2018-01-01 17:15:28.331  INFO 53094 --- [    Test worker] o.e.j.s.h.ContextHandler.application     : Initializing Spring FrameworkServlet 'dispatcherServlet'
2018-01-01 17:15:28.379  INFO 53094 --- [    Test worker] o.e.jetty.server.AbstractConnector       : Started ServerConnector@36cdd8ac{HTTP/1.1,[http/1.1]}{0.0.0.0:57917}
2018-01-01 17:15:28.385  INFO 53094 --- [    Test worker] c.e.g.e.TestingControllerIntegrationTest : Started TestingControllerIntegrationTest in 4.791 seconds (JVM running for 5.87)
2018-01-01 17:15:28.780 DEBUG 53094 --- [tp2135421816-18] c.e.g.endpoint.TestingController         : Entering testingPost with caseId 7bc5d41b-0549-40b3-ba76-42f6d4cf3fd1 and requestDTO RequestDTO(title=Mr, forename=)
2018-01-01 17:15:28.789 ERROR 53094 --- [tp2135421816-18] c.e.g.error.RestExceptionHandler         : handleInvalidRequestException {}

com.example.gradleAndBoot.error.InvalidRequestException: Binding errors for testingPost: 
	at com.example.gradleAndBoot.endpoint.TestingController.testingPost(TestingController.java:40) ~[main/:na]
	at sun.reflect.NativeMethodAccessorImpl.invoke0(Native Method) ~[na:1.8.0_121]
	at sun.reflect.NativeMethodAccessorImpl.invoke(NativeMethodAccessorImpl.java:62) ~[na:1.8.0_121]
	at sun.reflect.DelegatingMethodAccessorImpl.invoke(DelegatingMethodAccessorImpl.java:43) ~[na:1.8.0_121]
	at java.lang.reflect.Method.invoke(Method.java:498) ~[na:1.8.0_121]
	at org.springframework.web.method.support.InvocableHandlerMethod.doInvoke(InvocableHandlerMethod.java:205) ~[spring-web-4.3.13.RELEASE.jar:4.3.13.RELEASE]
	at org.springframework.web.method.support.InvocableHandlerMethod.invokeForRequest(InvocableHandlerMethod.java:133) ~[spring-web-4.3.13.RELEASE.jar:4.3.13.RELEASE]
	at org.springframework.web.servlet.mvc.method.annotation.ServletInvocableHandlerMethod.invokeAndHandle(ServletInvocableHandlerMethod.java:97) ~[spring-webmvc-4.3.13.RELEASE.jar:4.3.13.RELEASE]
	at org.springframework.web.servlet.mvc.method.annotation.RequestMappingHandlerAdapter.invokeHandlerMethod(RequestMappingHandlerAdapter.java:827) ~[spring-webmvc-4.3.13.RELEASE.jar:4.3.13.RELEASE]
	at org.springframework.web.servlet.mvc.method.annotation.RequestMappingHandlerAdapter.handleInternal(RequestMappingHandlerAdapter.java:738) ~[spring-webmvc-4.3.13.RELEASE.jar:4.3.13.RELEASE]
	at org.springframework.web.servlet.mvc.method.AbstractHandlerMethodAdapter.handle(AbstractHandlerMethodAdapter.java:85) ~[spring-webmvc-4.3.13.RELEASE.jar:4.3.13.RELEASE]
	at org.springframework.web.servlet.DispatcherServlet.doDispatch(DispatcherServlet.java:967) ~[spring-webmvc-4.3.13.RELEASE.jar:4.3.13.RELEASE]
	at org.springframework.web.servlet.DispatcherServlet.doService(DispatcherServlet.java:901) ~[spring-webmvc-4.3.13.RELEASE.jar:4.3.13.RELEASE]
	at org.springframework.web.servlet.FrameworkServlet.processRequest(FrameworkServlet.java:970) [spring-webmvc-4.3.13.RELEASE.jar:4.3.13.RELEASE]
	at org.springframework.web.servlet.FrameworkServlet.doPost(FrameworkServlet.java:872) [spring-webmvc-4.3.13.RELEASE.jar:4.3.13.RELEASE]
	at javax.servlet.http.HttpServlet.service(HttpServlet.java:707) [javax.servlet-api-3.1.0.jar:3.1.0]
	at org.springframework.web.servlet.FrameworkServlet.service(FrameworkServlet.java:846) [spring-webmvc-4.3.13.RELEASE.jar:4.3.13.RELEASE]
	at javax.servlet.http.HttpServlet.service(HttpServlet.java:790) [javax.servlet-api-3.1.0.jar:3.1.0]
	at org.eclipse.jetty.servlet.ServletHolder.handle(ServletHolder.java:841) [jetty-servlet-9.4.7.v20170914.jar:9.4.7.v20170914]
	at org.eclipse.jetty.servlet.ServletHandler$CachedChain.doFilter(ServletHandler.java:1650) [jetty-servlet-9.4.7.v20170914.jar:9.4.7.v20170914]
	at org.eclipse.jetty.websocket.server.WebSocketUpgradeFilter.doFilter(WebSocketUpgradeFilter.java:206) [websocket-server-9.4.7.v20170914.jar:9.4.7.v20170914]
	at org.eclipse.jetty.servlet.ServletHandler$CachedChain.doFilter(ServletHandler.java:1637) [jetty-servlet-9.4.7.v20170914.jar:9.4.7.v20170914]
	at org.springframework.boot.web.filter.ApplicationContextHeaderFilter.doFilterInternal(ApplicationContextHeaderFilter.java:55) [spring-boot-1.5.9.RELEASE.jar:1.5.9.RELEASE]
	at org.springframework.web.filter.OncePerRequestFilter.doFilter(OncePerRequestFilter.java:107) [spring-web-4.3.13.RELEASE.jar:4.3.13.RELEASE]
	at org.eclipse.jetty.servlet.ServletHandler$CachedChain.doFilter(ServletHandler.java:1637) [jetty-servlet-9.4.7.v20170914.jar:9.4.7.v20170914]
	at org.springframework.boot.actuate.trace.WebRequestTraceFilter.doFilterInternal(WebRequestTraceFilter.java:110) [spring-boot-actuator-1.5.9.RELEASE.jar:1.5.9.RELEASE]
	at org.springframework.web.filter.OncePerRequestFilter.doFilter(OncePerRequestFilter.java:107) [spring-web-4.3.13.RELEASE.jar:4.3.13.RELEASE]
	at org.eclipse.jetty.servlet.ServletHandler$CachedChain.doFilter(ServletHandler.java:1637) [jetty-servlet-9.4.7.v20170914.jar:9.4.7.v20170914]
	at org.springframework.web.filter.RequestContextFilter.doFilterInternal(RequestContextFilter.java:99) [spring-web-4.3.13.RELEASE.jar:4.3.13.RELEASE]
	at org.springframework.web.filter.OncePerRequestFilter.doFilter(OncePerRequestFilter.java:107) [spring-web-4.3.13.RELEASE.jar:4.3.13.RELEASE]
	at org.eclipse.jetty.servlet.ServletHandler$CachedChain.doFilter(ServletHandler.java:1637) [jetty-servlet-9.4.7.v20170914.jar:9.4.7.v20170914]
	at org.springframework.web.filter.HttpPutFormContentFilter.doFilterInternal(HttpPutFormContentFilter.java:108) [spring-web-4.3.13.RELEASE.jar:4.3.13.RELEASE]
	at org.springframework.web.filter.OncePerRequestFilter.doFilter(OncePerRequestFilter.java:107) [spring-web-4.3.13.RELEASE.jar:4.3.13.RELEASE]
	at org.eclipse.jetty.servlet.ServletHandler$CachedChain.doFilter(ServletHandler.java:1637) [jetty-servlet-9.4.7.v20170914.jar:9.4.7.v20170914]
	at org.springframework.web.filter.HiddenHttpMethodFilter.doFilterInternal(HiddenHttpMethodFilter.java:81) [spring-web-4.3.13.RELEASE.jar:4.3.13.RELEASE]
	at org.springframework.web.filter.OncePerRequestFilter.doFilter(OncePerRequestFilter.java:107) [spring-web-4.3.13.RELEASE.jar:4.3.13.RELEASE]
	at org.eclipse.jetty.servlet.ServletHandler$CachedChain.doFilter(ServletHandler.java:1637) [jetty-servlet-9.4.7.v20170914.jar:9.4.7.v20170914]
	at org.springframework.web.filter.CharacterEncodingFilter.doFilterInternal(CharacterEncodingFilter.java:197) [spring-web-4.3.13.RELEASE.jar:4.3.13.RELEASE]
	at org.springframework.web.filter.OncePerRequestFilter.doFilter(OncePerRequestFilter.java:107) [spring-web-4.3.13.RELEASE.jar:4.3.13.RELEASE]
	at org.eclipse.jetty.servlet.ServletHandler$CachedChain.doFilter(ServletHandler.java:1637) [jetty-servlet-9.4.7.v20170914.jar:9.4.7.v20170914]
	at org.springframework.boot.actuate.autoconfigure.MetricsFilter.doFilterInternal(MetricsFilter.java:106) [spring-boot-actuator-1.5.9.RELEASE.jar:1.5.9.RELEASE]
	at org.springframework.web.filter.OncePerRequestFilter.doFilter(OncePerRequestFilter.java:107) [spring-web-4.3.13.RELEASE.jar:4.3.13.RELEASE]
	at org.eclipse.jetty.servlet.ServletHandler$CachedChain.doFilter(ServletHandler.java:1637) [jetty-servlet-9.4.7.v20170914.jar:9.4.7.v20170914]
	at org.eclipse.jetty.servlet.ServletHandler.doHandle(ServletHandler.java:533) [jetty-servlet-9.4.7.v20170914.jar:9.4.7.v20170914]
	at org.eclipse.jetty.server.handler.ScopedHandler.handle(ScopedHandler.java:143) [jetty-server-9.4.7.v20170914.jar:9.4.7.v20170914]
	at org.eclipse.jetty.security.SecurityHandler.handle(SecurityHandler.java:548) [jetty-security-9.4.7.v20170914.jar:9.4.7.v20170914]
	at org.eclipse.jetty.server.handler.HandlerWrapper.handle(HandlerWrapper.java:132) [jetty-server-9.4.7.v20170914.jar:9.4.7.v20170914]
	at org.eclipse.jetty.server.handler.ScopedHandler.nextHandle(ScopedHandler.java:190) [jetty-server-9.4.7.v20170914.jar:9.4.7.v20170914]
	at org.eclipse.jetty.server.session.SessionHandler.doHandle(SessionHandler.java:1595) [jetty-server-9.4.7.v20170914.jar:9.4.7.v20170914]
	at org.eclipse.jetty.server.handler.ScopedHandler.nextHandle(ScopedHandler.java:188) [jetty-server-9.4.7.v20170914.jar:9.4.7.v20170914]
	at org.eclipse.jetty.server.handler.ContextHandler.doHandle(ContextHandler.java:1253) [jetty-server-9.4.7.v20170914.jar:9.4.7.v20170914]
	at org.eclipse.jetty.server.handler.ScopedHandler.nextScope(ScopedHandler.java:168) [jetty-server-9.4.7.v20170914.jar:9.4.7.v20170914]
	at org.eclipse.jetty.servlet.ServletHandler.doScope(ServletHandler.java:473) [jetty-servlet-9.4.7.v20170914.jar:9.4.7.v20170914]
	at org.eclipse.jetty.server.session.SessionHandler.doScope(SessionHandler.java:1564) [jetty-server-9.4.7.v20170914.jar:9.4.7.v20170914]
	at org.eclipse.jetty.server.handler.ScopedHandler.nextScope(ScopedHandler.java:166) [jetty-server-9.4.7.v20170914.jar:9.4.7.v20170914]
	at org.eclipse.jetty.server.handler.ContextHandler.doScope(ContextHandler.java:1155) [jetty-server-9.4.7.v20170914.jar:9.4.7.v20170914]
	at org.eclipse.jetty.server.handler.ScopedHandler.handle(ScopedHandler.java:141) [jetty-server-9.4.7.v20170914.jar:9.4.7.v20170914]
	at org.eclipse.jetty.server.handler.HandlerWrapper.handle(HandlerWrapper.java:132) [jetty-server-9.4.7.v20170914.jar:9.4.7.v20170914]
	at org.eclipse.jetty.server.Server.handle(Server.java:561) [jetty-server-9.4.7.v20170914.jar:9.4.7.v20170914]
	at org.eclipse.jetty.server.HttpChannel.handle(HttpChannel.java:334) [jetty-server-9.4.7.v20170914.jar:9.4.7.v20170914]
	at org.eclipse.jetty.server.HttpConnection.onFillable(HttpConnection.java:251) [jetty-server-9.4.7.v20170914.jar:9.4.7.v20170914]
	at org.eclipse.jetty.io.AbstractConnection$ReadCallback.succeeded(AbstractConnection.java:279) [jetty-io-9.4.7.v20170914.jar:9.4.7.v20170914]
	at org.eclipse.jetty.io.FillInterest.fillable(FillInterest.java:104) [jetty-io-9.4.7.v20170914.jar:9.4.7.v20170914]
	at org.eclipse.jetty.io.ChannelEndPoint$2.run(ChannelEndPoint.java:124) [jetty-io-9.4.7.v20170914.jar:9.4.7.v20170914]
	at org.eclipse.jetty.util.thread.QueuedThreadPool.runJob(QueuedThreadPool.java:679) [jetty-util-9.4.7.v20170914.jar:9.4.7.v20170914]
	at org.eclipse.jetty.util.thread.QueuedThreadPool$2.run(QueuedThreadPool.java:597) [jetty-util-9.4.7.v20170914.jar:9.4.7.v20170914]
	at java.lang.Thread.run(Thread.java:745) [na:1.8.0_121]

2018-01-01 17:15:28.798 ERROR 53094 --- [tp2135421816-18] c.e.g.error.RestExceptionHandler         : logMsg is 'Invalid Request ' - responseMsg is 'may not be empty'
2018-01-01 17:15:28.868 DEBUG 53094 --- [tp2135421816-15] c.e.g.endpoint.TestingController         : Entering testingPost with caseId 7bc5d41b-0549-40b3-ba76-42f6d4cf3fd1 and requestDTO RequestDTO(title=Mr, forename=Lionel)
2018-01-01 17:15:28.918 DEBUG 53094 --- [tp2135421816-17] c.e.g.endpoint.TestingController         : Entering testingGet ...
]]></system-out>
  <system-err><![CDATA[]]></system-err>
</testsuite>
